7 213 150 113 32 139 109 211
2 242 270
6 271 158 200 88 254 64
6 259 177 171 76 261 130
2 33 123
1 12
3 156 283 279
1 141
2 265 122
1 293
6 75 241 102 198 235 173
1 256
5 68 136 5 110 175
1 59
2 112 117
4 180 273 174 297
2 282 37
1 288
4 296 107 237 132
3 10 29 169
2 185 262
2 181 22
1 152
4 285 138 275 291
2 196 115
4 0 27 239 194
3 114 238 52
2 106 24
5 95 92 82 144 2
6 243 91 248 3 230 286
2 111 47
2 121 215
3 212 19 252
2 101 251
4 119 264 172 222
3 127 292 263
2 201 165
5 216 70 129 168 56
2 96 178
1 272
3 98 45 183
2 11 176
1 43
2 219 187
5 258 87 232 234 100
7 13 217 277 36 163 72 247
1 126
6 161 14 60 124 4 191
2 205 278
4 16 7 193 99
1 104
7 85 197 137 210 8 93 166
7 290 160 58 57 44 255 268
2 48 30
7 63 236 79 188 128 26 118
3 54 146 189
2 244 149
1 206
5 170 6 108 182 17
3 25 195 9
3 80 35 229
6 260 209 227 40 31 253
1 94
1 135
1 154
6 89 167 179 147 246 53
4 131 184 51 46
2 214 69
3 284 78 267
1 49
1 151
1 1
2 249 142
1 257
3 140 23 186
1 67
1 233
2 223 86
5 224 105 65 250 280
2 15 228
2 245 71
1 143
3 73 157 120
2 226 240
4 203 162 62 153
7 21 133 298 221 28 55 199
7 116 39 159 218 202 164 77
3 294 281 97
4 148 74 266 231
5 50 61 20 134 299
2 204 145
5 207 18 269 41 225
2 83 274
1 208
5 276 125 287 220 34
1 155
4 295 81 90 38
2 42 84
3 103 190 192
2 289 66