38 8671 6530 4376 2980 4087 7675 740 2199 5583 3296 1054 5773 3386 4182 4596 4568 6251 6009 2242 6841 3718 3688 8032 7305 9777 2096 6817 7796 5946 1967 9594 8450 8545 6708 9625 9849 6793 5766
37 3729 4930 1629 7148 4831 3261 6865 8536 2865 7146 1873 1319 9706 2073 5681 1960 4713 3908 838 6141 6701 2127 5491 3873 4547 2458 4524 6070 6278 9055 1500 886 2700 7609 2526 6112 8548
38 5670 4370 8425 8900 3012 923 2333 8009 9121 7378 5223 8121 6551 426 7186 891 2771 4823 7374 7331 4301 6293 9585 5326 8498 8512 7649 1087 6286 213 6648 6076 3246 8991 783 7776 266 7743
38 6755 5941 1694 4299 3509 1635 7000 4276 8976 3872 2959 4602 7677 2272 1165 7323 4996 6703 9667 5640 7529 7961 9599 2982 8028 4103 8793 4669 4347 8717 7670 6664 7347 5768 8080 9685 4433 133
41 370 423 7431 967 5300 4575 8934 5256 9887 5737 4993 7452 9291 5781 9693 9205 4255 5337 624 8804 1228 7453 6375 3632 8349 1034 9731 3616 8059 9237 6620 2525 2086 2518 5534 5338 3525 9465 2694 2587 202
40 3248 7747 2176 6686 8681 6035 5353 4135 8251 8874 9 7967 1158 8911 1434 5580 9079 476 4948 7220 5233 5630 8097 7737 357 2099 2676 7793 4473 8200 4719 7716 1964 6756 3162 1449 5574 3878 2355 8655
39 1379 9967 5399 790 3019 1318 3880 9208 6064 2082 3765 9281 6629 338 1139 2035 4358 4460 8579 3111 3394 3297 2777 7298 2984 9897 5486 5698 8829 9019 15 8769 7205 925 2540 9139 1317 3961 9934
41 5186 940 9386 2686 2296 6789 7235 7846 8617 9420 6151 6563 1907 5104 3082 3741 4452 9546 5329 6457 2702 98 1066 7178 4227 6540 2343 7933 6333 8456 9528 5629 9586 5648 5230 812 3631 5174 2228 5145 7059
37 9435 5246 9542 2434 1441 8102 6622 8626 8274 8532 4076 610 5123 6046 9094 3051 9614 5644 7 4995 7764 3818 8273 6421 2173 91 5293 5874 8400 1065 8339 2162 5473 2541 8856 3500 4217
40 6119 1591 2421 3226 6233 4509 8053 1245 2470 2443 443 2940 6181 3464 1003 199 851 3415 8500 2014 7937 3161 8162 4235 3364 8487 4419 4282 9921 5050 3375 6882 1339 2557 8169 9025 1658 172 6354 3100
40 5961 9223 1460 9274 3884 4928 6401 916 731 6102 3119 1199 4262 3469 5480 3875 7020 8914 5296 545 8833 7236 3822 3638 3497 4856 3898 9345 869 4795 775 1287 4289 6334 1586 260 8596 8027 3527 5199
37 9615 2213 6066 4889 3276 3797 1695 9463 3067 7600 9001 358 8331 9050 9759 6597 7469 3694 8176 9716 7213 8544 8845 9558 1483 7419 4620 1141 6860 6801 2377 481 8249 253 8222 568 2563
40 7329 4194 418 583 7030 4196 8106 7538 7251 1836 116 8720 2987 6861 2412 9338 2089 4766 714 3221 7785 7396 6364 5893 8627 8864 2509 8342 7127 6610 1180 7418 7738 9342 154 4677 1278 6067 8977 2972
36 5071 6893 3060 6883 8922 3452 4872 4919 7197 2576 4880 9717 1555 7862 3320 9134 9246 670 9611 5288 8752 3187 505 5365 312 2164 7724 1703 473 5064 8269 4382 3076 6184 1164 9786
40 6896 3787 3726 1114 7766 4943 8830 7130 1634 7784 7896 7583 4785 6311 5344 4094 1315 2000 9631 9301 8719 1743 1943 8201 4532 9914 3254 5235 7751 9617 4758 3611 7163 2809 6977 829 4511 5522 1153 7503
40 572 3183 1183 8174 5685 3812 9193 3503 6994 1031 4951 2794 6804 8542 108 7462 44 7586 8949 6060 1418 3176 8850 826 9620 9454 8530 9998 1662 3408 3379 8161 2670 2942 7786 8959 2281 8954 6759 7447
39 6264 4229 1886 651 2741 6385 2891 1759 2011 9032 7266 1229 5594 8041 4045 5696 3325 9041 1006 8559 2064 6381 6200 7212 7947 9852 9725 5936 5753 1685 141 5194 1877 6152 6259 3703 3924 7139 3075
40 9099 1105 6143 8697 1455 4307 4909 3917 3440 128 1809 2277 6392 359 4175 2340 3275 9192 4987 3311 6993 330 6587 7388 1112 3912 1129 3842 4859 7053 4058 3231 5902 99 8127 2140 4098 4116 8158 4609
40 6074 6260 3692 5455 7093 3815 449 311 4200 6496 4577 275 4851 53 9886 5739 6210 8253 7909 5920 2784 1192 5585 484 7886 6187 4342 8384 9083 377 5227 888 1589 9854 4694 5109 4218 3771 3494 5729
38 5850 2013 6985 7270 8844 9064 3346 2969 3404 5265 136 894 694 4641 2841 2314 2225 8012 2955 5821 8569 2535 6974 9805 6766 795 5272 1945 4203 7770 9120 6835 7054 8728 1998 4953 5782 3102
39 1247 2386 1227 4502 5192 6228 1342 4362 2690 6899 7360 7083 6787 8529 4209 2074 7607 2906 5945 8499 580 9828 2934 8863 2813 8944 55 970 9789 7928 1773 9726 3602 7195 6525 4787 5205 4621 3271
39 5440 8404 5633 4529 3139 4381 9005 3028 5352 3041 2964 246 5886 4629 7181 293 3098 6742 4051 1022 585 637 7458 2912 4610 4828 1711 5919 2028 8438 8211 6969 6557 2033 8145 7614 297 7091 1930
37 2836 175 7973 9307 2404 6473 3821 7775 5103 9808 5438 2241 2042 755 9069 2083 6454 9097 9928 4403 4521 3307 873 7542 1825 5977 2626 1563 7249 7553 8258 8283 9933 9490 2180 7013 4131
40 4372 6436 7319 5598 6485 5684 2550 819 524 9017 4505 4994 9719 8409 4963 8884 3437 6590 504 5308 2007 9452 2491 1511 9577 7009 7070 8159 8240 7651 7172 2297 1624 8785 1166 1493 6657 7176 3332 1262
41 3099 9175 2895 4271 5155 1625 2817 2476 3435 4980 8867 3871 1028 8374 4755 2058 1284 774 9622 9935 2231 8096 5632 2157 847 2709 5839 1576 9370 7142 8146 4192 9793 3298 2568 6988 5162 858 608 1458 692
38 9835 539 8590 4298 4797 9106 8386 2773 49 6655 2411 8798 3722 6144 1829 1971 8726 5203 6012 764 9983 3159 997 7099 2776 5600 2998 9232 3334 8940 2029 2285 7634 881 7921 6431 488 6363
41 3778 7383 2307 779 6163 8814 5132 7827 7669 8298 8043 2111 4489 419 1482 4351 9478 1851 1632 4986 1035 4666 9194 3673 7185 4877 3253 9044 1692 6571 9864 1177 6213 6777 1536 5658 1726 276 9557 4945 7501
40 852 3190 2088 280 7617 5754 1073 993 8171 6731 1291 2923 8731 7158 7893 563 4883 625 2542 8999 9511 2762 4041 6891 5428 5414 3453 3023 2258 9926 3749 7581 6784 3006 3684 7262 3788 3672 5543 6516
39 696 5193 6761 9978 7911 595 5568 4151 2198 7656 6426 6290 4858 8220 8343 6494 1568 2022 521 7108 3618 6898 2295 6846 9095 8042 4167 6025 2108 2303 3335 1468 7749 3926 3225 8280 5526 8493 2200
39 9199 5840 2925 6498 4258 3224 7210 9968 8029 2857 9453 4181 6699 9670 3664 7936 6123 9923 7121 9403 3985 1861 5970 8792 7817 6647 1038 2008 4516 9870 6254 9712 8491 5942 6723 2260 8024 6248 4815
38 1248 1117 8288 7409 8787 7899 5826 8180 8196 2652 9002 7078 7745 5409 3264 816 7970 8135 107 4964 4681 3904 1412 4667 7261 2240 6355 5046 3146 9211 3045 6715 5614 4269 6403 6458 2219 2036
41 9502 8079 89 5065 3203 8687 9741 2585 7355 5716 2958 1304 2 8408 720 4638 6514 1553 3034 5847 2161 1027 1059 4566 6099 936 2306 9464 2468 5114 8297 7164 11 8794 4911 9497 290 8811 5934 5552 3081
40 8521 5502 96 9466 5445 303 1775 7100 8507 8224 6767 194 2847 4220 3479 7129 2870 2402 3882 8094 5153 9924 7815 4009 1781 6051 9337 6698 654 4237 1993 2249 6827 233 5989 6168 1927 4440 6521 7566
38 4622 565 5148 4242 467 4396 6142 1411 6316 8271 8362 422 7926 8983 5483 8061 247 5079 5198 5125 7252 5679 9278 316 9703 2362 879 2419 8886 3755 6724 4927 2896 3643 5142 6884 5092 3991
41 8552 926 6402 6378 2664 7446 1521 7873 6897 427 9257 8419 3578 2345 3856 9867 1608 3353 1214 4455 4270 6094 2996 308 2310 7507 8270 9300 1101 249 2798 3188 2957 2517 508 1830 8578 4352 156 8688 3784
41 9689 5207 2215 399 6438 4287 7974 2133 3243 2416 1404 7513 5284 4876 4742 2985 9374 5418 5078 5615 6667 1526 9400 7505 8193 9837 1347 7913 8639 5851 3649 7576 6310 244 6199 4937 9251 6799 3303 7697 1448
38 7902 1010 67 470 9460 3897 6704 1372 8674 3491 8218 5403 9788 8978 7710 7269 4526 9201 6735 7405 9799 4033 5298 3382 8840 1654 683 4657 2621 5570 9141 7672 9379 8588 7088 6464 2001 4322
39 9607 4821 1523 9269 6261 7534 3701 6577 2039 570 6982 5620 7579 980 4816 1612 2790 9600 9450 8906 2861 828 4905 6245 5741 681 4855 2749 2394 6880 7977 6976 3974 9538 3155 6098 1044 2581 4513
36 5986 5650 9686 6295 6212 2750 8388 8075 6830 9461 3002 1193 3895 5749 982 2933 5814 9373 8955 983 2643 1828 959 5335 9532 9108 3719 4512 1894 3417 1225 931 6556 791 5802 4525
38 6470 1249 6158 101 9547 1048 7954 4969 248 3214 1219 9494 3003 5978 398 2845 1157 6240 7007 6040 9910 3743 5820 7110 9618 4640 2284 5184 7782 3669 8078 8952 8014 8424 4256 9182 6394 7739
41 1533 3838 5947 6390 3681 1583 1399 3534 4274 1447 2580 798 8616 1606 5261 6797 7991 6075 9285 516 6337 9344 745 5068 9879 9589 3721 6515 4014 9052 9321 2632 7018 9043 1508 3403 6650 2275 176 1453 9697
41 7771 1381 710 3366 9322 3794 3533 4026 7238 9548 8901 3173 2253 1396 7523 8520 6081 8276 5871 8832 7379 8511 7931 2504 8049 4704 6073 6183 6749 5515 1374 4286 3063 9713 1565 7966 9673 1919 3940 1134 8285
38 2650 336 1147 3451 8423 1 9727 5968 6117 9768 8696 8431 7778 9869 3522 4899 5357 7668 6858 424 6675 6113 6950 699 1133 5728 410 2454 292 7391 493 2981 6400 2770 5999 313 3993 8023
41 9855 1982 2336 5880 7224 2150 8805 5607 5983 2308 1601 7055 8394 70 1816 8133 1574 4339 2978 258 1818 9508 5617 3103 8570 8611 5330 8965 3429 4267 3145 4812 209 8862 8008 4861 633 8348 698 3227 5649
40 2048 346 155 4731 7554 2324 206 814 6373 7244 9391 861 3848 7011 5748 6743 9184 8812 5807 962 4770 842 7263 9997 3702 7847 1019 9646 4079 2712 3891 4126 4805 9679 6055 3474 2018 3653 8583 6542
40 9128 5439 863 8925 5799 78 4784 8943 5135 6383 9674 435 2197 5280 4761 5994 3476 2787 6643 4900 4698 314 3754 4387 1731 9102 5447 7569 9248 4590 5506 6369 4752 4627 3589 4551 9541 793 3657 9190
39 7278 4017 9518 3869 240 3062 7762 4212 4172 3129 1290 8497 2718 1371 6022 6077 1279 5757 2191 6297 8329 1572 8488 2678 6607 5810 8054 8670 5655 4210 643 5667 5219 9705 6065 408 3654 256 7035
38 6071 9948 7499 7154 4585 3490 3131 3834 3849 1738 2003 7200 3573 9771 3581 5156 4716 9096 120 3758 2453 8665 6296 7613 2611 3163 3710 8360 7801 8967 544 7277 6202 6857 7960 7401 5206 222
39 5034 1091 6186 3742 9636 5835 1495 702 9051 4393 413 4781 737 2774 2761 434 1681 2206 3792 3488 5973 5175 143 2594 1326 9472 576 4613 7655 9018 2705 3134 8259 4890 4083 2367 4520 2392 6605
42 5429 4981 3141 1435 4400 2919 635 7354 3083 5026 5960 7046 5499 4635 360 3407 5726 4668 4059 2461 1042 8972 9498 9107 9170 3634 4034 3117 2691 7366 4273 7840 4268 2441 2123 7700 4956 8729 1357 4195 4574 5094
39 4130 8363 9000 6371 8767 2070 5346 3094 4811 1707 6003 9035 6300 5531 1741 992 8721 2849 5772 5736 2185 3132 63 727 6900 1876 6013 7906 8513 1216 800 9669 9973 9117 5388 6164 9576 4318 2732
40 6492 906 663 2636 8266 300 5376 2811 7765 9253 960 1810 7679 7138 597 4573 9174 1888 1000 5185 1609 741 2685 3686 1354 348 1705 567 4291 1600 7024 4169 590 7632 6447 973 4390 5360 8668 1860
41 2492 1610 8817 5442 5497 6393 8429 517 8584 3021 7498 9115 167 5745 5247 9123 8435 2850 3852 4515 2084 5538 7239 5044 2530 979 758 1466 9520 7816 9036 2634 8214 1171 8644 7580 4708 7530 5101 4357 6166
38 3050 6167 9366 6109 1125 1076 1422 8021 2649 5025 5157 6230 1211 8647 8003 4687 636 4935 581 2071 8604 185 6548 8084 6595 915 6467 552 5310 180 2720 5990 7854 5801 9474 5868 1472 1476
38 4495 3339 6398 8324 9969 4075 6093 9519 9033 3017 3196 6519 8452 1515 9204 2688 4533 1159 7308 3284 3748 138 2710 1621 4660 466 5216 5626 9993 1653 5451 9279 6909 1474 3836 6869 6876 9058
37 3793 7756 6121 8403 8233 2290 4398 945 3594 6263 4479 2854 3121 4679 3442 1668 1944 8294 5933 6641 4253 2904 5136 9393 9061 8473 5087 8896 9214 7755 3152 6194 9289 7039 6273 8426 9421
40 8107 4656 9407 7727 437 7051 732 5470 1030 9704 5591 1140 7692 6244 9690 7732 5474 6321 2639 6478 1940 8669 6811 3232 9740 4070 976 3384 4186 2829 7752 7031 6031 65 600 6722 5295 1070 3506 1384
40 4162 5472 3556 5467 5443 6931 6048 5609 2155 7943 6545 1281 999 1567 4588 6162 4179 7338 2757 2916 4924 2659 7105 1337 7156 5106 5057 4645 2822 5603 6188 2252 4825 3886 4456 5765 7228 5665 3091 5037
40 9040 1413 2431 4060 3830 9213 4714 5913 5833 9798 9059 8010 4931 210 4213 9517 5239 2544 4581 7368 8550 5616 3774 1834 4202 503 8897 1664 7225 356 7855 4226 267 2951 9216 8780 3454 5595 3583 644
39 8100 9155 9132 7165 9072 7844 2717 6108 2979 575 2447 3355 977 7223 9186 8372 7522 8463 4548 7708 4564 2708 2803 6639 7395 4913 9484 2409 7742 7247 6281 9537 713 3932 5733 277 1512 4892 7149
40 7258 7715 9987 1823 2824 227 996 9165 2417 1546 7574 2477 4972 4457 550 4005 1355 1757 6914 436 6090 5469 8132 328 2963 3720 548 1209 4773 131 7333 1043 1463 5637 1033 9922 9467 8528 7082 5063
43 975 8234 4424 5314 2760 8599 7706 9071 6406 6294 2638 9268 6814 8936 1905 7763 3744 921 1537 6037 458 8958 5085 2165 2077 9504 3385 8869 2433 8962 166 8226 725 3333 6566 3487 9258 1023 6218 401 9650 7500 5903
38 5798 1360 574 9780 7694 5426 4522 2456 2974 4799 3949 6923 9550 874 2244 269 6656 1798 4323 393 1017 9493 1366 7116 8828 2725 3 3395 8163 957 9008 8215 9606 5493 6138 2613 1846 8916
39 3545 6630 9681 9954 7780 7283 5000 6790 537 3064 6277 9200 9365 4738 5944 2788 6234 3677 2604 4486 9173 1972 9111 8565 489 6922 7199 3201 3069 609 9507 3262 3213 431 3918 1789 2990 4411 9953
39 7830 2578 4426 3757 2947 787 8909 4360 880 1156 7014 335 8205 4469 3887 1478 6357 5621 4254 914 4918 1421 8112 32 6968 8479 9167 6471 1425 2315 7993 5066 4921 3128 6134 471 2390 4608 320
39 7725 7389 7066 9957 6379 5333 2911 6697 3546 9203 394 4842 9856 41 2338 9818 3475 6411 6016 3540 4970 4144 5082 1063 368 5549 3251 8340 4611 2489 3436 6352 2372 9873 2616 7356 7836 8265 6920
38 7135 2405 8505 165 6847 5189 4007 8383 8126 4514 9380 8803 12 8605 4248 7972 4906 6567 4016 6092 3894 7597 9145 5918 6453 3760 8742 661 5215 4707 31 6536 215 9183 4721 4445 1270 2254
37 9004 8254 9288 9724 9996 8366 8287 376 7624 9888 6409 6450 527 4402 1729 7477 5444 363 9743 895 1676 193 3342 132 5069 4700 6586 2274 302 6298 8335 1811 179 4190 2067 9682 2922
39 1954 2499 1794 1916 7543 5628 1631 3025 4375 3434 8477 479 4531 284 366 130 9758 9448 8620 7346 50 3130 8957 6462 8733 8247 7879 8250 1615 6646 2730 1203 3604 7211 6726 4032 8531 7515 9593
43 630 7813 1312 4326 7203 6813 1392 3031 6796 2104 4466 3857 6727 4705 6058 6320 6826 8460 5231 8993 1918 4042 8779 4176 4063 3194 2435 6845 6114 6208 6285 9299 821 342 6039 7795 8051 6739 9752 3841 5793 6936 8727
38 9189 6719 7411 4672 8716 7953 747 640 3210 2880 743 7660 3228 7481 9900 353 4413 114 1222 3153 1368 3565 8256 7592 3336 8229 8101 201 6135 4327 6465 6916 1473 9779 1975 8753 3560 1796
37 4733 1461 6057 2128 8230 8077 4661 9698 6579 1620 2554 8564 5643 8710 3687 3377 6720 4154 7713 8541 4692 593 1269 5496 7025 4461 9070 1948 9451 8882 5370 3959 9084 9357 5876 5401 7695
40 6644 8375 2516 4198 7297 9135 1887 4465 8575 6124 4078 8988 8802 6582 5599 7539 6986 2766 9739 4015 8724 3073 6237 1949 9526 4985 6324 3396 8602 3963 3855 2892 6615 8261 5738 542 371 7560 511 7787
38 7479 631 2106 1137 2116 2478 1077 3273 4637 8293 3599 339 5091 196 3850 7924 2561 2683 2081 1013 5321 8130 1883 9770 9363 109 7687 8381 9409 5803 8747 9890 1639 1661 7340 9220 5283 6802
42 9829 6751 1026 4442 9218 5244 8573 8232 7779 4871 706 6747 7606 7963 7979 7352 854 4934 1981 7509 5524 937 6775 4839 259 4594 234 4216 2030 8317 981 7828 588 8015 5925 9359 6043 5636 7096 8847 1197 7533
40 4818 4476 261 6972 1170 243 2449 760 3714 2280 5572 20 1934 2647 2532 361 2556 1377 9479 3001 7141 1479 2885 1745 3426 6045 912 9792 8551 1831 3052 170 3715 7157 8475 7547 47 7109 8405 587
39 9068 7068 9663 421 6569 9011 4118 1148 3585 9582 8257 4754 2194 8941 4603 4205 2132 2178 2214 4115 2970 5992 2727 8370 4891 6776 16 2131 3124 736 2271 5950 1898 9813 2222 4068 117 2948 474
40 232 2175 6365 390 4820 6583 3562 7067 8560 2586 2625 7291 2707 9521 4782 6080 1231 6998 5407 4862 4170 3956 8039 9022 5126 4853 667 7460 3058 2863 1487 307 2207 3612 4895 2879 6864 2076 3447 3530
37 534 134 1541 2090 1590 2006 9381 1375 9543 1953 8773 4992 9324 5715 9845 824 7611 367 1109 3835 4966 4689 2019 8002 6806 526 5883 897 8651 4915 3647 3309 6689 5818 678 8167 2976
39 85 3164 7254 1345 3727 8624 2715 8526 1393 4631 447 3065 4736 4332 1516 9964 4539 8489 3547 189 5789 3645 721 4771 2752 8956 345 9066 354 7133 905 9429 5959 778 525 1603 4406 759 2080
40 5003 8011 933 87 6695 990 2359 7952 4225 9239 299 468 6010 2024 5837 9803 6214 6033 1081 7010 5463 347 4775 4335 1021 7604 1198 5305 9941 7528 4788 1626 3828 8937 7182 2484 6611 1311 6995 2533