5 7468 3163 605 7501 9474
3 2591 474 329
4 8227 5382 6365 1773
2 7227 5646
2 4796 581
5 9504 1421 6382 7771 5197
4 7948 6801 6581 9609
5 2418 2112 9754 884 7511
1 7206
5 3202 5437 8348 6724 6935
4 2736 7767 2074 5156
3 2573 8996 6114
4 9927 6904 313 5898
3 4887 25 7601
3 5982 7680 9966
5 8890 1670 9463 7056 4753
3 1855 1893 1691
4 9459 576 1021 1046
3 7110 1422 5426
2 8563 155
1 3560
3 1880 881 8276
5 7716 6855 6333 6124 5424
2 6517 288
4 2660 318 129 2379
5 2176 3389 7957 3566 558
3 1817 8830 3957
2 9287 5883
3 9121 8397 2787
6 8670 5721 2710 3027 5997 9687
3 4027 5169 6327
6 1135 6913 7534 2851 6320 2382
4 5991 3557 4337 4241
1 7433
4 2384 6499 3257 8458
5 2581 3145 4214 5669 9764
2 5071 7904
4 7325 9732 4830 7150
2 6527 6158
2 4471 4898
3 5903 5802 1685
4 8967 249 5134 5561
5 3647 6548 9528 5344 4998
4 5480 264 8913 9444
2 1000 6495
2 5091 1439
2 1339 6614
2 7581 4220
4 3539 4084 2298 7342
5 203 5307 3246 7971 7059
3 6544 4005 440
2 476 5821
1 7632
2 7013 3111
1 978
5 3321 8895 2649 8173 2805
2 2528 5895
4 306 7373 1316 9585
2 6686 9751
3 2718 1118 6
2 2887 1512
3 2053 7997 7679
4 3654 8679 4774 3731
4 8088 2481 3061 1481
4 6321 2308 5255 3850
2 6753 9944
3 1159 8080 209
2 4941 7367
5 5983 6200 4249 3055 2692
2 8824 14
3 492 8077 1057
5 8773 549 1736 6911 2272
4 8071 1610 9503 9313
5 3358 8793 5589 600 6127
2 5226 7146
4 8306 1959 415 7182
4 1399 5909 9055 5556
4 1192 1131 3311 7438
3 2758 71 2662
3 6190 9897 5479
3 5441 905 3020
5 7575 137 1560 4275 8156
1 820
1 4557
2 8596 2155
5 7804 2343 688 4492 1367
4 9954 3809 4763 5794
3 6377 9601 687
3 1376 6484 2556
3 2939 1216 1188
3 9377 9986 723
2 8730 1725
2 4469 4530
1 4793
2 8727 8625
2 773 1071
2 7678 5739
4 8303 8809 3633 1107
2 4646 852
1 1344
4 9483 6222 4405 3685
3 8965 8929 3320
4 3760 7854 6845 7028
3 4411 2777 3755
3 3936 4580 9748
4 4011 262 6995 3702
3 9824 7176 9624
2 7025 7924
2 180 680
2 7270 5891
2 9723 9100
3 6039 2812 1285
4 2212 2237 9686 2896
2 1555 7713
3 3608 9921 624
3 1067 457 8356
2 9868 258
4 4829 39 3298 4572
2 3491 698
2 2346 1652
5 8192 2693 3325 6560 2806
2 9925 2463
2 5968 2983
3 3341 1513 1209
2 3708 437
2 563 9569
3 7444 1356 3828
3 3578 3507 1562
4 8968 9563 4939 5151
5 6252 9985 3508 3178 6518
3 1626 4698 7387
3 2430 5604 4532
2 4818 2605
2 7061 1113
2 5059 5394
3 7909 2825 1400
3 7613 5140 4772
1 3207
4 364 2977 9462 8297
3 8253 4727 813
5 719 6319 693 6298 5404
5 1178 613 9702 3504 6217
1 9803
3 1844 4373 507
2 7773 5811
3 2288 1586 1554
3 4679 1706 4476
5 3696 8290 798 8189 230
2 5886 6181
3 1381 6293 3903
3 2445 4936 5452
5 6879 4419 3890 9845 7105
5 9252 9289 9663 3430 8935
2 5513 6387
1 4483
4 9550 4361 6226 928
4 9763 350 819 2134
1 9520
1 9359
3 4070 8606 19
3 4138 867 3187
3 9044 6692 4177
2 2951 2491
2 9515 4573
5 3381 5317 6762 5851 9071
1 1114
1 5578
4 872 8244 2954 8885
3 7122 9541 1416
4 9251 7835 3315 8667
5 8184 1433 2678 2269 1186
3 5137 1427 5764
5 1778 8373 3635 2166 2549
5 7464 584 1682 5658 2495
2 9360 6564
3 8578 9519 5639
3 5478 3733 8464
3 3709 9076 4460
4 4528 4068 6889 1374
2 7621 3139
1 1545
2 8402 6170
2 3827 1177
3 2297 5813 7329
4 1563 1821 864 1430
2 7147 6060
3 4420 7703 8991
2 5067 7536
3 5553 6914 631
3 7355 5296 6462
3 7362 9011 3864
4 1208 9048 1721 8736
4 3614 5498 3552 7784
4 1319 8950 3536 5664
3 7284 1751 2021
4 4006 7528 8031 4823
2 7760 7947
5 5649 7113 3580 6547 4913
4 23 8073 8762 332
5 368 789 3324 3265 6830
4 6591 3778 8239 5321
2 6960 3438
2 6090 2172
3 6912 6441 7966
4 6031 9750 8251 4942
3 6515 2654 9642
3 8605 8958 6322
4 7809 8038 3758 6526
3 5444 81 5597
4 5371 8632 6397 8473
2 4417 8452
2 9530 3990
3 7109 4052 7195
4 9186 4465 8204 1989
3 4301 5705 8430
3 6463 3530 5348
3 7990 8048 935
4 9256 8245 0 5763
4 6403 7891 6207 1428
3 666 6665 171
4 873 6076 2502 7892
2 7482 2876
5 9349 3334 1478 7952 3962
5 1803 2171 1676 5141 6340
4 311 9999 6645 4789
3 7972 7314 8999
4 1023 4191 2615 1808
3 2412 5954 5717
3 3824 4950 5908
4 8711 9509 7753 2214
2 4736 712
3 5969 940 9788
3 7347 4181 5570
2 7015 4320
3 4329 9804 8230
3 499 8139 7535
2 7522 4924
2 5332 8119
4 1146 9021 6072 2882
2 9693 2984
4 9346 7088 9090 1882
1 3638
5 3147 6129 5377 6514 7318
4 8788 7929 4475 4996
2 3861 7205
3 1027 5864 5734
1 1190
5 1105 5679 8886 767 5064
3 2866 5147 446
2 6018 2863
1 6834
4 3291 1789 3008 5842
3 2486 2510 4184
3 4520 8070 5833
4 3225 9735 6477 2768
2 835 4029
3 7075 251 946
3 9418 8946 6540
4 7684 9258 8035 7497
4 1246 9840 3689 8721
2 4868 1035
3 7506 2619 8029
2 766 3877
6 4467 1459 8815 4709 2147 6907
4 5780 6740 6965 4303
3 8553 2411 7003
3 310 3926 8319
4 4588 7119 7561 3134
2 8330 8240
4 7453 5325 2125 8167
4 4838 1016 1289 2735
3 1973 3388 5008
4 3362 4022 2760 3215
3 3088 8780 8702
4 7913 9372 7778 6884
2 2620 7127
2 1998 3090
4 9249 4255 4493 3810
6 7108 3694 7609 5711 7275 4575
3 1922 9848 3669
2 6143 9588
5 1874 4559 6988 7635 3216
1 3870
3 1140 589 2122
3 2015 8982 8726
2 8047 320
4 1061 7599 3091 1480
4 3230 5858 97 3795
3 943 3104 8061
3 6583 4135 9658
5 7779 1411 799 643 7476
4 9019 8975 4470 9548
5 4717 6647 7097 9301 2677
4 6610 1286 5828 5260
1 240
2 4949 8881
3 6238 879 6597
3 5979 9072 6363
2 4325 18
4 8719 6541 2747 3439
2 1284 8892
2 1018 8749
1 218
3 1956 6480 5164
5 4644 7239 5295 8661 8490
1 1022
3 8571 6735 6894
5 7346 379 854 6521 3256
2 923 7711
1 9910
3 9914 3433 2959
1 2448
2 1546 9648
2 2709 4144
4 1529 636 4744 9253
2 641 7650
4 4317 9613 9880 5481
2 2177 9385
2 9740 3620
1 5254
4 2541 3650 6348 3905
1 7458
4 1785 4058 9403 5776
6 7936 4629 8792 7519 1426 2918
3 5975 4043 3741
4 3729 6825 5533 7267
2 3367 1847
2 8000 8565
2 7655 5124
4 3086 4500 4811 9144
2 5573 9862
3 5985 1666 2881
2 4604 4087
2 8422 9865
2 2265 6362
5 8758 4450 9109 6910 3655
3 2099 7815 4819
3 8111 3964 494
4 7862 229 3330 8160
5 9913 2359 2582 9229 5910
2 4321 2056
5 4048 6150 9744 6430 3278
3 1002 2593 2499
4 2751 3312 9138 6256
5 3193 8200 7068 5635 8046
1 89
5 9449 9436 3516 5168 3198
1 7376
5 233 5950 3515 8099 8732
3 8878 1015 2352
3 174 7280 4127
3 6745 807 9099
1 3288
3 1143 8326 3887
5 5562 9920 4435 5557 8718
2 8994 4148
2 5742 7330
4 6744 2191 6509 7658
5 4352 3739 7662 7218 1842
4 9864 408 995 1978
2 7432 2082
1 2669
2 5281 7050
4 1206 3774 5343 8934
3 4948 2007 396
3 7383 9600 948
3 1695 3833 6015
6 2717 8102 594 3135 8581 619
3 9049 4636 4925
4 9579 4810 4100 1088
2 3705 6259
5 7379 7483 7940 7899 1270
6 1194 6208 3986 8340 3337 9533
3 5919 31 5072
3 8599 2476 622
3 4836 486 5000
3 768 9451 2330
3 9489 1642 1680
3 1037 6520 6850
5 8546 3693 3030 7152 9153
5 4065 894 742 8520 1936
3 6600 9817 1385
5 908 1040 7153 4802 7988
4 211 1442 3742 6102
4 384 454 9737 8357
3 1269 8433 103
4 5914 8028 4438 684
2 389 5621
4 3767 6197 5593 1970
4 3161 7844 6245 6470
2 7600 285
3 2944 1776 8722
3 3272 3297 6689
4 7196 1713 8568 7020
4 4523 6607 6622 2204
2 4390 2698
5 5245 3751 9636 8278 7882
2 3252 1009
5 2981 388 1763 4412 1322
2 3028 134