28 466 8098 6372 7628 4188 3255 8355 237 128 1516 6237 1930 7363 4438 9433 6708 776 8160 1307 4540 8636 6075 8407 7342 1088 6738 8421 5422
28 4032 5383 8216 4669 1098 1982 4985 455 5845 6335 4002 1405 7353 9426 1502 3856 8995 2997 2657 2731 4004 3333 9354 3042 5809 8104 2679 8800
28 9307 1675 9441 1792 3629 6720 3292 3052 7625 7269 3410 2275 5116 3911 4312 6072 1290 4966 3753 6739 3198 3727 1448 4755 4732 618 3417 553
28 516 712 9014 7382 3606 6786 7950 2858 5991 7010 9399 5265 7542 2574 3980 9860 9161 5191 191 1588 1383 8195 5669 3938 2504 8845 4704 1939
28 5956 1356 2111 9360 3816 139 1830 4615 5210 7095 9950 247 9412 6574 519 4959 1057 8187 3560 2062 5027 7259 2789 6141 3248 1462 5 8709
28 2634 5143 765 8892 1794 2798 2123 9235 8757 9309 1771 5498 1079 9116 6626 3290 6089 7392 4994 4981 3386 8228 854 8616 6431 9100 194 2694
28 2953 2765 3488 4427 9782 31 1593 1189 4212 3848 5994 9731 1083 320 9795 7419 3138 9133 8191 9864 5671 8185 9900 8280 1377 3749 4475 5500
28 3578 2101 1051 567 5061 1132 8638 6073 3801 4745 3854 5517 7063 556 3353 5633 8257 5966 3673 3086 6414 2234 8932 5512 5015 3118 7564 1005
28 3171 4516 2225 1706 1042 9835 6631 4904 3813 904 327 8148 2647 5783 920 1187 5849 1267 4916 7558 3324 2381 8826 5806 3145 5520 3989 6880
28 987 8028 8050 9798 4543 8463 9519 4564 8555 9740 8286 5777 8219 5657 203 5976 8613 7144 759 2419 7567 8293 142 9489 669 4706 1310 5008
28 6215 7952 807 2527 6842 8041 9572 5242 6070 9182 8693 1281 5350 5997 9011 6413 6762 7195 8063 7556 7676 1308 1424 5455 9775 6135 7749 4886
28 9389 7718 5375 5919 428 9649 2015 175 1166 5468 6583 924 8743 606 8173 9591 7027 9749 7814 2548 7024 1065 8129 8139 9118 4813 8737 1099
28 6071 9597 5776 29 679 355 8526 6487 8899 5222 8925 6947 7212 7717 1937 3844 374 5878 6183 1808 2480 7443 6745 7154 1652 450 5651 7645
28 7780 8778 4402 306 3651 7953 9219 72 6954 2984 7649 6153 977 5133 3948 349 3162 9675 9561 8068 5515 345 6613 1378 7077 580 1700 9187
28 1126 3962 5325 8315 2517 9722 4511 8439 4928 4675 8975 6066 3971 2543 9663 8346 565 5908 8643 3692 6398 3994 7949 1663 638 3525 4670 3213
28 4243 2167 5957 7249 7083 8261 7407 5610 7162 3168 5109 5174 9712 843 9409 2374 5885 9882 8419 8861 9639 4383 3575 4560 4434 125 5286 1777
28 8489 1081 8517 2158 3730 2738 7411 4795 1176 2331 642 3683 3469 1946 3931 1546 8858 9981 5043 675 6915 9208 6837 1609 7380 3318 8144 4977
28 1724 9351 4338 4436 8531 104 6378 1886 9963 1555 6767 8013 4689 6937 1250 2420 278 3576 2246 2917 615 4940 7115 289 918 9982 2801 1419
28 5964 8593 8092 2143 5364 4386 5140 9142 6684 5123 1230 6576 6243 8475 2468 228 7238 3001 5016 2040 4102 8164 6452 3454 7959 218 849 5324
28 283 4419 8865 13 5148 6270 8156 8332 2883 1479 3910 8921 5676 346 4872 6018 3782 7724 4240 5648 9590 8075 9848 3536 476 9342 8336 9796
28 8982 1726 912 6053 932 3889 9321 3884 2606 6219 3798 4134 962 9153 2970 4784 3925 6262 2529 1247 2203 8761 7587 363 526 5585 1874 4846
28 224 1669 4831 2077 8123 9137 852 2494 2025 9543 3060 5784 8243 3288 4727 8751 5726 3378 3832 781 9159 2180 693 4638 6230 2450 5394 3215
28 5629 7562 1693 6660 1950 23 8285 2897 3568 8175 566 433 5583 77 7896 2161 9548 3670 1870 1647 5169 6694 7886 4852 1527 5548 9122 9965
28 167 6919 9566 6722 8968 6501 7576 9381 8777 2831 5440 1560 4389 800 8934 3267 7509 9875 6173 1992 9929 6086 1118 703 2693 1796 239 1121
28 6284 2341 2086 7608 3142 4047 6881 8064 938 3363 8580 8265 2113 4426 5365 424 4183 942 2135 9095 8752 2576 9483 7847 3483 6555 7701 8536
28 9177 3260 8755 3441 2909 3532 6007 7221 9038 3107 6137 4028 7111 3331 2305 9698 7992 1465 2366 8813 922 628 6816 1404 5439 1052 8422 5112
28 1366 3985 4302 1653 5336 1196 2354 0 8804 447 2592 5127 8509 9129 307 4080 4277 3065 7224 1133 4264 6622 4721 9558 1436 9427 2285 2470
28 6595 5739 4324 5404 1900 1720 9802 8600 5825 5420 8111 6526 3821 6097 2391 7130 8006 798 6571 4180 1473 8951 2321 5805 3978 2739 1648 6046
28 1073 9669 7685 4726 9036 4793 1201 1729 2986 7763 6128 7659 2067 9509 6366 8117 8823 2804 8177 8306 4942 6895 2237 2215 5762 3080 8785 4581
28 7163 6848 5480 7276 6321 4458 7019 7344 5179 2511 5624 4604 7954 7839 9087 1687 3763 4610 9947 6247 1258 6344 8390 8096 2778 560 2767 9575
28 281 3819 338 6494 8119 9094 4030 3745 9348 1010 4950 1514 8338 4583 4012 7534 1530 1326 4181 9906 8241 3432 8676 5653 4938 3342 67 2022
28 7694 5051 6852 8907 2347 9392 8831 5466 1203 3590 2614 4671 7971 4092 9261 8609 6956 2007 2505 5848 2814 5573 6312 5544 1979 5278 956 7633
28 813 6733 4276 1212 6951 3287 5464 3438 7997 7601 1048 5363 8326 9933 2867 7800 3593 3201 7391 8714 6752 4557 8287 7932 1221 7616 1977 8587
28 6224 3474 9919 4248 8002 5968 3537 8245 3791 522 955 5817 2680 1957 3222 3849 7502 2890 5154 2390 6218 5367 2856 2740 1894 4119 7582 7774
28 9025 2372 3169 1026 7294 6542 9623 8659 3555 9032 268 1339 310 1715 6010 1881 2862 3033 8547 3649 9291 9843 1156 720 1962 3960 2408 5735
28 1215 4730 2031 2429 8159 1507 7447 5131 7831 9680 1019 2972 6223 984 9364 3076 9179 5118 9237 6980 3641 5650 6099 6465 3902 1006 811 8471
28 3358 2578 9613 4166 6913 7732 9080 103 1684 930 7926 3039 7396 4781 177 443 3205 1846 2611 2594 1737 6101 9170 3696 5622 4310 9834 7052
28 7190 2771 7361 2872 9733 7884 514 8 5434 1303 3388 1707 1263 9164 8797 7433 5426 7688 3579 2558 6175 8573 8353 6406 6437 3303 6659 891
28 9488 3937 4867 7639 1731 4838 1055 1431 3078 5594 7731 3351 3657 588 8003 1891 3577 809 1254 541 705 1508 2698 1928 8442 4546 4833 9420
28 6055 4346 1255 5020 1544 1938 2809 3095 7107 8299 5795 3655 6884 608 4372 3317 9652 56 3811 5199 2411 5529 9212 3139 6695 6838 6497 5284
28 2742 3063 3352 5084 9962 6983 2502 8416 1918 5029 5574 3566 9253 4044 2495 6914 4041 7703 4086 728 8398 9128 7128 5983 6643 5009 164 1767
28 6771 2231 3903 3610 4066 1038 3362 6253 8470 5835 4452 165 5188 7448 695 2106 8699 4659 8115 4112 5596 3036 3085 4878 4823 2584 7793 7082
28 105 1047 4613 3743 4172 694 4901 6910 6697 1277 784 4031 2655 2630 3671 6430 3319 8125 2189 897 5362 4203 6831 2851 7222 9282 3346 2295
28 2893 2496 3434 3424 4242 6131 3072 3228 8866 10 6481 1839 9263 7941 3703 8632 2139 4375 4541 6829 9903 9586 9677 1062 4105 6187 4317 559
28 6190 2012 877 5396 9031 8133 5192 6139 3011 6731 3427 3494 295 5357 5967 5298 8460 8665 506 4979 407 7054 5752 1991 5198 647 4679 6792
28 921 9196 2725 2469 6839 2201 9471 5177 4357 9686 9043 2453 4423 497 8364 4899 8648 2621 7672 7333 8589 7538 8602 9758 3263 2848 5639 2206
28 39 2002 8406 8917 4715 961 9703 9365 3871 2145 3075 4821 8909 5949 7508 8775 718 5844 5212 4483 9707 7919 6093 5938 4078 1627 2477 2019
28 8680 1146 2076 8341 2885 577 2530 7530 8444 1375 9393 6252 6879 5459 7547 2115 9910 8647 4597 5443 2175 5369 735 584 1104 3206 574 8071
28 9658 384 6569 8101 9547 35 5096 5704 4455 2557 5812 7888 3108 7816 7881 5510 9232 9967 6171 7194 3436 4611 9377 477 9072 9832 1960 2710
28 5028 4822 5206 4199 9201 9332 6528 7093 3144 3717 9978 3880 2251 2328 3293 5770 9110 8912 4245 9683 1253 2433 5730 3691 7067 6037 9932 4337
28 4064 7670 9615 5313 1893 6272 41 9081 48 4394 2923 9407 2363 5703 7323 7982 4947 4015 1605 9891 7559 3470 117 1947 6721 551 8717 7723
28 6492 3116 1228 9482 8208 6281 4888 5238 7050 7490 6619 5285 6552 7964 4544 1829 740 1417 7790 9603 7056 8662 996 7589 6044 9705 7762 3259
28 1743 5538 5977 906 6062 9297 8986 3704 5151 4834 8711 2402 1929 6811 6133 1682 547 768 3685 3562 9115 5093 314 4951 8545 6405 9880 666
28 6002 8670 7332 9493 5930 7270 7409 4848 2407 8701 8894 6415 1645 8915 4571 8935 4185 8495 5144 596 4330 6813 7664 4362 9726 6467 9200 199
28 6727 4533 7278 9298 4347 7151 8820 6350 6489 3176 7747 8979 3326 7728 1725 6205 4936 6997 4691 9065 8862 8027 243 8312 6457 7861 6663 3051
28 5304 2982 2896 6371 6907 4572 2788 5208 8522 1878 8259 5171 4803 4385 5988 3194 4460 4547 3527 5781 9101 7993 9422 3404 6041 9123 572 4160
28 6280 8108 2813 2599 4937 6674 9617 7131 49 890 7498 8327 7543 5136 3119 5887 8920 7202 8793 2692 3951 6888 3909 8249 2793 582 5850 6333
28 9545 4573 6709 786 3526 2209 3815 5955 9206 4352 3621 8457 7746 4650 8466 738 2403 2827 5294 7967 5328 174 1744 6132 653 2033 4289 1677
28 7109 2276 9432 7414 1449 3049 1135 62 6668 4534 7030 4532 2800 4962 3979 1623 3044 458 9803 2083 2928 2763 1750 8069 51 6140 8380 4764
28 8976 9017 4914 2071 3012 2604 8966 8645 2301 2677 6341 8309 342 3635 3665 7648 3077 510 8908 4470 9594 9202 6588 4807 6196 6863 4591 8695
28 9184 1122 4291 4117 1180 2484 8948 9819 836 3282 1594 1137 3754 5724 9763 7739 6249 3975 9125 9915 5608 3357 1843 1030 581 6627 2179 28
28 8983 7357 8449 7011 9497 9359 404 4702 8056 7004 1831 5998 5910 8723 5196 6677 5811 2563 4826 7595 5227 5377 6810 4250 4538 4087 6647 5944
28 5173 6563 1478 6428 5305 2184 4407 9993 326 7415 2023 7034 9783 5960 4526 9977 225 3645 1304 8703 9800 9099 8432 9855 788 1734 1712 3617
28 853 1983 2555 2636 4360 9557 5098 1643 7942 4863 6572 1717 1125 1040 1689 4065 1599 9697 6912 5753 2573 2757 3468 5403 5855 6824 2119 6468
28 3032 3883 3114 113 4905 2659 9534 9989 1460 8906 9016 4820 9423 2421 1151 6228 3624 5054 721 7122 9531 1163 9762 7275 9687 9871 6586 649
28 4780 8030 4503 1716 1852 4949 8298 5302 7044 3648 7507 8759 9562 856 8937 2011 6512 276 5048 4349 8629 7783 110 6633 5659 1142 4079 381
28 6598 1108 293 3348 5170 4461 7286 1501 8928 4428 9267 1766 9892 2737 5239 2623 8943 5057 9654 9225 7838 5901 7053 4217 7169 6358 1209 8140
28 5760 2235 5799 6992 5229 114 7776 7911 3605 7572 2979 1896 1164 347 6865 9556 4109 8238 6509 495 7143 6936 4484 7634 7400 7418 8758 2118
28 9696 3615 3922 240 2591 8431 208 8081 4505 9047 4637 6401 6160 3023 7237 1887 5121 2481 5847 9470 3550 3307 4069 1833 3419 7842 8430 7494
28 8273 4151 1028 6231 5893 1714 388 8452 8263 5987 4400 8796 9071 6795 1933 4975 8791 2627 8304 2292 3650 5087 7995 9866 3480 9926 7204 6993
28 9233 1138 9974 6981 5073 3074 4395 9302 6562 8266 6331 8317 2518 2836 4477 6301 8646 3853 598 6184 3337 3339 8310 8694 6306 138 5516 2300
28 5477 5428 5038 1023 6957 3548 9385 5384 6185 7441 779 1392 6119 3007 8718 4273 9867 7145 8453 7889 1690 6964 4895 9277 5311 137 1640 9874
28 3237 4570 5502 1427 5476 2631 4954 8205 2304 365 8427 6503 1526 6444 7817 7753 2688 2269 6730 7149 780 1111 7267 8401 2898 4910 1538 6870
28 851 1528 9743 4876 7759 640 7868 71 4323 2833 570 1192 8776 7968 3370 5211 9088 6486 1387 5338 4971 8099 2427 1765 3371 2412 5995 3338
28 9766 7666 5376 6314 286 4345 3991 2889 7935 4926 827 4663 6471 4577 4189 8827 6921 2415 7693 7638 2342 6003 7917 5822 5145 3485 6857 8955
28 772 1657 1590 4179 3927 4687 7586 5577 1861 81 8875 599 7175 4344 287 2795 3711 3149 5184 6393 9701 6083 8231 2244 7369 2683 2163 2440
28 5705 8183 4835 9942 4804 5074 1868 7284 8597 6639 9721 1636 5092 4606 3714 4454 4587 9431 3746 18 4898 3876 5890 2084 8710 2749 7740 4257
28 1809 2654 7918 9135 3583 3898 5800 4555 4195 1486 2586 3766 1273 8772 5050 8192 4111 5945 481 2008 2649 6846 2130 6680 5748 5462 8113 1804
28 5924 5942 299 7059 6754 2598 1996 5856 7506 3740 8424 1113 6706 861 9968 6893 9959 9152 9830 7849 7301 1244 4972 7973 4856 401 9757 1345
28 7003 701 587 7136 654 3783 4989 8698 1210 7308 9650 4355 3672 9916 1425 9102 6653 5484 7124 4465 9149 7225 9587 947 3508 5586 5291 3495
28 4776 9052 2281 6898 9565 6222 1222 3066 1909 3836 2154 2661 7615 6903 887 4326 1758 2340 7858 527 1017 4907 810 337 3415 4432 2005 8413
28 1357 3394 6040 394 4735 3368 3661 9162 4259 9918 5088 7961 8655 1341 8770 6303 4646 5387 6508 1463 3761 4331 8387 6038 3839 5423 796 7766
28 98 6125 7410 6702 9724 7257 804 1487 7772 7326 1331 1147 2577 1393 1499 8190 1206 4717 7906 7726 7515 333 6535 1036 3983 9383 7736 4100
28 8342 8682 2682 4987 1856 9042 6081 8936 3968 6744 6024 6942 3407 2998 7765 1711 8810 9063 4502 1620 4315 2776 9653 8203 3148 4113 5679 2070
28 2245 9510 3327 2153 6901 990 5157 4787 4729 2383 5602 7804 9280 8933 3544 4399 6600 1493 5183 6637 3597 4164 9079 8391 5333 7402 257 9313
28 9236 4485 1500 4984 7476 4769 5609 6911 2509 4912 1984 1013 2249 3506 7787 202 9521 4067 8180 6047 9589 5470 5519 7635 3716 7250 8295 1050
28 1285 2642 7314 6943 4051 2930 3933 7877 147 6890 5386 7005 5273 4176 196 8269 9289 9035 3572 4917 6383 2117 593 5601 8874 2912 3535 8888
28 6263 2096 7597 722 6688 4029 4299 8472 2726 5663 217 396 4696 4552 1940 3981 9106 607 7846 9180 4021 6143 4077 9525 5327 2138 7358 5349
28 6304 9958 3767 1297 6217 2565 8633 3999 85 5401 2956 1211 7303 6216 7399 5714 7631 2665 9708 8939 1246 1193 8354 8916 9151 5869 1859 5114
28 7966 5280 830 3530 3369 3165 2615 4522 6390 6015 362 6758 8884 4014 9382 5228 8607 9221 7710 4411 3669 7042 7074 1998 9276 4801 4681 2560
28 7850 1489 5647 2339 9108 6648 6289 3219 8277 9822 1226 8322 683 2900 4844 8163 8131 9596 4285 5034 545 6323 3636 9347 2147 3088 5628 7803
28 7956 2034 5509 8031 7334 2521 8230 58 4300 2299 2948 631 7096 2936 9328 2753 7185 496 4815 2792 2136 9896 9750 3367 7324 5041 5019 2319
28 3668 7197 1002 6470 2884 6612 6580 6935 1420 6458 4524 2461 4874 5125 2966 7049 6251 8434 2127 390 6349 7208 750 1204 2257 1224 5813 8468
28 9055 5692 4200 3026 1242 5907 6590 9029 6696 453 5539 4521 9718 2570 8683 8251 6298 5615 6408 5769 2855 83 5077 7819 5458 5269 6604 7302
28 9715 9913 8544 9068 3204 4758 5853 5255 376 1131 1746 2785 5827 7727 463 3612 637 9845 3998 1184 100 8118 3067 8169 3841 3881 1902 3663
28 7945 2901 4061 5065 2531 7160 8486 1760 9656 7379 9048 3311 1225 8548 3329 4518 1945 802 1762 2658 5831 1380 9366 5946 5662 1160 5916 5527
28 7309 6856 249 3713 2888 741 2338 8654 9301 4684 2916 7438 216 6520 7482 727 7875 3252 6229 1708 5540 122 3381 4672 9564 3376 9390 1732
28 8143 626 1474 3995 2385 6287 864 2003 3264 3253 8124 8674 9198 7652 6827 3221 5701 5244 9805 2619 1888 7201 121 2114 3405 1218 129 9904
28 4600 420 96 2805 7522 9024 9311 195 846 4489 4493 4332 6058 9250 1260 9468 6646 4991 7938 2068 9645 2498 3777 1811 1769 277 9702 8959
28 1519 939 9857 3170 27 7865 9104 619 3545 231 5053 3493 3081 9228 1551 1403 1223 5064 5655 227 896 5993 8445 509 1798 812 4629 6485
28 3690 4774 2523 8631 3540 6292 7781 2748 4796 179 7089 5506 2544 7963 3516 5030 6495 6285 2571 3325 9960 6116 8738 5749 6522 2863 1054 9930
28 6469 9670 1343 5616 6971 2847 8722 1415 5961 3534 9609 8584 4748 1231 2882 2581 5674 2687 4695 9679 4197 7754 1043 7864 9776 4845 2684 4958
28 2190 3919 279 1951 1547 8563 4992 5567 4442 604 6679 156 2128 4929 3829 5256 6056 5454 7352 6968 8046 6255 5193 756 9842 3565 3592 3089
28 3179 8097 6353 6200 9316 4746 493 6972 8237 4275 6844 5986 9847 1409 4556 8763 4861 8523 2832 8736 6960 3573 1402 7908 3875 8150 5621 2330
28 1988 5952 3298 6361 4873 190 9890 2148 4620 5317 9873 3208 5569 427 2055 1306 5751 1296 4559 9369 8881 4740 5044 9067 6450 6332 9995 601
28 3115 5591 4658 1665 2065 5757 1491 2358 9990 8656 7958 4367 1012 1315 5546 5668 351 1582 5247 7273 3965 8494 5372 3917 6418 5894 6923 7705
28 6635 7119 7525 2315 2446 8382 9022 8882 5503 2965 1968 2464 2284 5348 254 4321 3654 8302 7611 34 9330 9713 6840 9167 7580 9917 6460 7719
28 4219 7957 7189 5759 2212 7504 7181 6006 8534 1611 4743 4325 2192 4588 667 2797 2181 1858 2336 9997 454 5989 6021 3928 5495 6092 761 2255
28 7368 927 7285 1566 6616 4429 4661 7929 8501 2360 3408 5607 8189 2141 7596 1143 2487 1289 9648 2042 5103 965 3073 1683 5514 2829 1550 2553
28 9813 4499 5026 9605 7894 4616 2722 3104 8852 2551 5359 3551 3639 6120 2887 1220 1072 6234 2628 3316 8688 1007 7413 2483 5889 8347 2047 4621
28 5089 1067 5902 4301 68 8618 7230 7437 6640 5076 8732 1235 7349 6375 4491 5635 53 2224 6670 4605 7989 8514 998 3361 8733 3312 3594 8201
28 2198 9939 9745 3731 7578 341 54 9546 1752 2828 9570 1813 4220 3953 2380 889 9668 9537 5740 2105 1628 4187 9061 4371 2841 2674 9429 4071
28 4737 6802 7179 6337 1287 4847 7346 3354 63 3722 9498 9155 3152 824 4297 7479 1649 9725 865 4482 818 8171 8161 9748 3637 2392 5543 5275
28 4980 4405 2944 5287 5733 8863 3799 3360 4255 539 5840 6734 4923 6533 6755 8667 5331 5393 9520 2187 9270 9191 7887 3523 6505 4057 2968 370
28 6830 3518 6028 8110 4351 8126 4144 6873 5623 8319 4128 5450 3157 5947 7514 8969 9241 4608 7164 5345 5675 6297 1422 8211 533 1800 9415 5060
28 7560 5467 6420 4858 4756 4747 9961 7984 3395 5698 2317 2653 9610 3563 2715 8024 1355 5283 2711 5346 1237 6027 5681 2668 7473 4282 764 1271
28 4446 1029 2133 2973 4792 265 4884 7962 500 462 6940 223 4121 5039 7403 763 2585 6995 3310 2493 8628 5204 302 4688 8965 6277 1583 9912
28 6448 2401 9492 3795 9651 8993 7113 9810 6530 3050 1779 1177 7318 329 290 535 4830 2954 4288 8910 5508 6169 4520 1730 6274 2644 4449 6170
28 9026 4339 6286 4965 635 8244 480 4494 5252 7159 4963 7258 4075 8546 284 5723 9945 8956 9908 4182 2624 145 569 2388 3852 602 3008 2089
28 7393 3930 4050 6537 3807 7444 6151 7098 871 3719 985 5862 5232 9290 9865 2663 4142 4673 968 3433 26 2637 3588 459 1292 3728 6836 9464
28 8978 9046 2781 9220 1049 467 6717 9173 8825 3872 7378 960 9508 2732 908 172 881 6259 4586 717 2247 981 3773 2191 4933 2988 8651 6922
28 3090 1935 6546 2277 4284 9449 1266 95 9936 7907 8019 1912 6628 1283 3143 8704 3124 8692 1069 2164 3079 8403 5761 5189 1469 9448 6338 6778
28 6186 5984 2254 9612 3462 9992 2489 8900 5496 4356 1240 1735 558 7751 8539 4797 7412 4388 4762 461 6875 4718 5301 2941 1365 499 8331 2294
28 7364 5259 799 5397 5066 7618 4508 3439 2877 7870 6986 8520 7265 3461 335 9388 3687 6360 3585 2283 7599 2121 5382 3509 7174 841 4042 5575
28 5788 3601 4103 8611 9551 5233 3197 3400 3789 3243 1671 6162 2409 5105 9271 9602 991 4364 1613 5605 383 9599 3609 1349 3788 1340 5442 1077
28 3193 8781 1280 3242 4076 9287 3163 2773 2087 4194 7986 4535 1602 1154 3600 9515 7192 5352 6788 9446 7663 5323 7397 52 1959 7150 7713 4216
28 1044 1388 3591 9785 5032 5334 681 3762 7684 7977 212 3549 4348 1903 6934 2371 4170 1680 5702 1770 9501 1759 3453 9769 1252 8127 7287 9491
28 6387 2945 9336 7592 905 1554 8727 4313 8924 5021 311 233 9723 9404 5891 8067 6618 9893 2472 9134 4842 6180 1241 5487 4634 4723 7173 5731
28 1630 9984 4633 4191 600 876 8343 9592 6760 9747 182 2540 1418 6511 3528 3896 3084 6436 8333 9661 1188 7665 7529 171 1955 193 525 7279
28 5816 1312 3064 1413 7424 316 2168 8032 6080 7786 7281 5107 1845 7236 3863 9937 6577 4155 9083 6847 6480 5612 5340 7555 595 888 9951 1755
28 4694 3047 643 8167 3557 8808 3058 4207 7737 8107 8886 8102 3632 9192 4889 7867 5001 2278 9245 1704 5190 9728 3472 4997 8511 20 7231 4495
28 5453 6682 2238 7142 1510 9452 1624 5195 8890 2199 4523 2601 8687 3759 4643 6710 6199 2463 3257 621 9806 8713 9618 7742 253 7613 8379 7629
28 6060 3226 8795 7325 7999 9150 7463 5268 8944 5235 8604 652 1362 6276 1506 5240 4081 7106 1229 8009 5451 1534 7022 169 4192 474 7338 1197
28 8809 1293 7466 5425 7080 2993 4127 252 3238 2662 933 1322 9339 7126 9790 5631 4805 8020 1348 8828 5649 2701 5040 2024 5389 6690 2307 5431
28 3181 3700 5719 697 5883 8450 4839 976 5727 9355 5728 5715 5865 7478 4468 9442 2501 4770 5696 1106 9549 8610 792 9964 8684 4261 1974 6883
28 373 3618 7168 442 9839 6638 2406 4202 9367 7313 5566 9681 6803 7455 9753 6736 7583 3347 5775 300 634 7118 7465 713 1278 3808 4459 503
28 9434 9487 9582 5981 9684 7343 8622 4882 250 70 8868 7928 7660 2712 9105 8570 8220 953 5828 982 9585 3131 8801 1969 9227 739 1539 5300
28 6233 9074 6841 3857 2384 5861 5492 5972 5293 178 1967 6514 2903 2404 7191 8746 8351 6869 6630 7477 2426 6490 1570 7621 1905 2499 8308 5787
28 3155 3908 79 8926 3120 7430 4742 2706 754 9593 8017 4909 4891 546 6894 5303 2696 4778 6103 6516 6050 7047 7104 806 4097 3016 4311 4763
28 1787 1741 9738 9053 9120 645 8235 9502 9310 44 3101 1214 5534 2258 7298 6126 3809 441 3459 5326 5347 6354 746 1892 4401 9991 7955 1577
28 6517 1466 8838 9674 5742 3963 2513 5017 124 4576 5537 4500 753 5903 418 4373 9060 3200 4862 6011 8423 120 3406 8999 2625 8428 6294 9363
28 6525 5452 7484 5638 8090 785 9794 5959 4935 406 3768 3111 5100 625 6106 4232 255 5047 6267 2197 4403 2779 1157 1494 4870 9872 7429 4266
28 8229 9777 2758 1232 7292 3476 2171 4640 6938 2985 6377 7336 6686 6749 760 7734 5271 777 3321 6664 4530 2931 3166 2963 9972 423 1970 1347
28 4788 2066 3335 1728 4996 8461 6242 1646 8209 2816 1145 9265 6948 6391 3309 6559 5720 6641 1513 2144 9998 1942 1353 5448 2437 4471 5892 7623
28 4416 9628 1284 7355 664 6194 839 9050 1275 1772 2182 1262 7721 4648 1817 3491 226 1323 4565 7176 544 3823 3372 2514 4903 3505 9539 5318
28 6975 4214 3666 4915 3366 7023 6908 3045 8507 9988 5407 9665 3756 7012 1167 2424 9727 5186 6698 6017 5175 687 3471 7810 3356 1585 1314 189
28 9114 7574 6931 2291 5108 1414 9716 7432 6177 2609 9275 5216 2361 5062 3183 3053 9195 2188 6550 5202 505 6728 9861 2850 3843 1567 1485 6109
28 5379 4408 5400 187 3490 3029 6447 2927 8311 1484 6541 1774 4998 1152 4536 485 2236 2958 6105 2899 7310 1598 9222 1688 3 8383 7367 8595
28 3487 7892 7300 3780 8271 1656 3859 4205 8630 986 8158 7299 6167 8433 2367 4614 7901 7873 4789 4498 4318 1270 5896 7439 6181 7127 4074 4490
28 2974 432 9729 1451 2298 3581 2313 5390 2389 6989 5099 3803 5162 1169 7646 1291 1368 8054 4825 4481 1186 822 1316 8707 9472 9952 9001 94
28 3284 5482 790 9568 4885 4645 3992 6909 6246 1818 5547 8599 724 9983 513 6929 8000 5554 6581 7374 7882 7557 9638 4365 3199 4849 8225 1596
28 9380 5424 9927 6130 3699 6113 6493 2486 4177 2507 5078 1768 620 324 1532 5673 5489 6429 9217 6794 5646 1338 4955 1637 3048 9480 6596 2542
28 7690 1710 1071 5948 884 2534 8260 4453 6878 1139 2910 6225 2265 7673 5110 5521 2718 1279 1089 8922 9386 2132 7643 540 9694 2428 4283 7822
28 7427 7987 2020 5736 1985 9437 9361 3515 762 6655 7210 5536 6556 470 7898 4812 149 5158 9987 7452 3463 242 3748 3262 1692 2860 6352 1814
28 4359 1559 1 7711 246 1518 5481 6544 1497 5013 957 2618 4683 2716 5163 1916 5746 5921 1694 857 1733 414 6146 8515 504 8086 7988 3942
28 2017 7632 7171 3274 614 4913 2610 4433 4162 7566 7513 3787 6124 9792 2720 2196 3511 9576 1799 2029 4159 4249 3428 4198 6396 2810 3946 4908
28 7920 9943 3117 8250 686 3684 9007 2279 1490 6826 2911 3422 400 4237 2103 3734 8627 4653 2170 5640 943 3420 8374 2515 1504 4752 7890 820
28 3056 7105 9040 2397 2051 801 5201 7491 4196 5241 7385 7605 7563 2868 9003 6818 6850 7784 9199 9994 1764 8855 9127 238 5737 6111 7328 5868
28 819 9121 82 5765 2651 4851 9536 6652 2324 7706 1272 5756 7519 8378 531 1925 5716 5069 5568 2349 7388 7682 2260 974 2907 9868 9760 5185
28 6388 4033 893 7495 6098 1832 2681 5587 2058 422 2702 7112 4060 4072 9662 6476 7262 7319 7974 6822 8386 5119 2526 9062 6320 3291 8345 6549
28 5081 5620 2617 5049 5063 285 6798 5823 5636 6589 7674 8418 6815 6523 5922 1586 4251 7695 518 3071 4486 521 4279 38 8893 5358 5789 6054
28 5025 5559 4430 9614 8197 9876 4773 6657 9986 2137 4969 6345 7255 6819 4150 7252 5279 2098 7070 9730 5342 6902 6036 3283 3792 1802 3736 1629
28 668 74 1364 7317 3817 4549 2782 2467 3444 7537 2824 6958 2999 9909 7217 9844 5951 3735 3019 2016 8963 9522 9373 5042 5911 5982 7750 9190
28 4320 2942 1503 6090 5501 1004 3955 5926 7200 330 6163 6573 1078 9346 2964 2093 5197 7365 8217 483 7612 9255 5666 2774 2669 6165 6529 9494
28 1668 2638 9870 4445 4088 9814 2193 8026 8264 7436 6466 2780 4398 7483 7871 8998 6176 2865 611 5236 8005 5802 6236 9495 159 3345 5479 6206
28 1562 1763 2205 751 3725 5999 3878 7481 9286 7205 4943 1454 6614 8769 9156 4731 2724 5796 3442 2866 5965 1064 4635 6953 6519 4527 5971 188
28 6699 8664 1014 7925 3538 3229 963 9292 2107 2074 266 954 3861 8059 3147 8256 1740 838 9269 136 7702 2593 382 7311 2109 6673 5221 7606
28 1749 8702 6365 7526 2980 7167 7863 2108 9938 3940 4376 9902 1607 3599 469 8369 2803 9288 8236 6961 1360 3037 3141 2728 9629 3300 9673 1141
28 2520 4058 4133 5254 7851 3182 7544 5314 8051 8549 5083 185 5900 6667 8901 1344 8420 9820 9980 6318 1117 4665 7910 2981 2802 4467 858 4000
28 207 748 4601 6962 7434 8768 5582 9966 9643 7570 9644 4480 9709 3772 2393 969 9901 1659 222 8276 4083 4666 3796 4539 6324 7240 6599 4529
28 7001 9145 7976 45 2159 1102 8360 6000 9812 9953 3916 9690 1373 3769 3524 4685 4767 4864 2708 9949 5282 8200 8437 9000 752 6725 1701 9210
28 8328 6918 2675 3128 4252 2436 8395 7830 6313 1087 2425 4741 769 5354 4759 269 1512 1369 782 319 5909 5533 9163 8029 6025 2006 2904 2081
28 7064 1398 5771 9193 1397 978 7768 4278 3742 5276 5513 5764 5634 3943 883 6617 8528 1207 1775 4221 5002 8007 2834 5694 3265 2579 8896 6004
28 186 2870 3390 5097 3681 3794 3608 1159 5820 9934 4141 3301 892 4247 4038 5343 5592 829 2057 1025 609 8660 1575 8410 8626 410 5858 1168
28 288 3445 6463 198 7215 8055 6278 1853 9039 9741 9946 8253 6602 8004 7266 6472 7013 2178 1915 971 5683 6395 1601 4270 1634 4222 6926 3344
28 6483 358 7641 7445 1429 9436 3154 5599 270 5224 7940 1537 2656 2929 5132 1824 3190 9552 7458 5330 8997 2471 685 4415 1850 3828 2528 9004
28 2035 716 8640 8601 4286 6892 1112 261 7371 5419 5950 4425 7487 7640 37 8603 2717 3295 9419 8750 2744 7076 263 2880 1423 4421 1434 6770
28 4976 4034 343 8952 6845 9999 7209 1412 2939 8145 6148 7511 9266 6610 8634 7462 2902 623 4722 2747 5923 9851 9418 4122 1153 2846 926 1216
28 7227 1670 1033 1000 825 554 5371 9512 6300 6712 1548 1161 6515 118 1865 8789 9169 5385 8065 9619 3519 5388 6346 726 5604 3323 456 5927
28 2648 4068 917 7038 3020 1464 6389 3109 6327 3846 8675 8846 6380 8499 7899 2933 3924 4713 274 2202 9037 9375 8504 7492 4305 9831 7375 7946
28 3496 8503 4750 6548 1723 1867 2262 5000 6904 9641 6362 5874 9338 6363 7140 2379 8138 1569 8278 7716 3040 3503 1390 298 9695 5782 6536 7909
28 6117 3440 7497 4566 2227 2216 5418 3082 4280 4924 2707 8784 2289 9281 4779 7771 2603 9356 6061 9581 9846 2818 4542 8339 2783 7809 8556 7979
28 6747 1016 6359 6474 9475 3840 9500 8590 9117 3741 3631 8491 6433 8734 1686 8275 3218 3227 1269 6854 6455 1134 1282 460 353 9540 8459 7532
28 2992 529 4692 9124 6096 1334 5306 8307 6925 8596 4474 3906 673 1549 886 999 2660 8977 3099 2116 7018 3254 7467 7234 5164 4841 3389 3455
28 5619 8242 3990 3620 5834 1053 8465 4244 3185 8381 550 8741 7232 1172 9154 5842 4272 1788 7536 9111 2700 9240 5899 6403 1578 5128 7381 6168
28 2826 2607 3625 4964 2572 3161 4595 2947 9119 8151 7811 3513 8873 6584 3411 4295 7619 8194 5913 8700 7651 9078 7404 7079 486 3278 8518 6636
28 9018 2129 4921 6129 2478 1329 4225 9693 8988 2094 1321 4089 6982 4009 2476 4716 4267 2713 1879 260 9362 2620 5274 4084 5906 5432 8774 1337
28 2736 4682 2099 1614 2026 4169 1046 4777 2293 9528 9438 8767 7905 5080 7499 6812 2569 3502 3634 6950 2845 9243 5656 959 9324 7356 2270 2
28 7948 7485 7337 4660 2938 5147 8233 6368 7088 3758 7818 8671 5374 2266 3682 2755 4832 2799 8583 8085 9214 6156 4736 3349 2290 6558 7687 6204
28 1178 543 1932 6210 4757 1529 8252 328 9928 6547 1545 1517 5637 3870 6776 5870 8103 4409 8779 4843 7546 975 1426 1441 8179 6266 6394 6843
28 9808 4420 8358 7662 5826 7545 4995 5075 6221 5209 8706 6735 3723 3397 1619 9793 7609 4393 7486 6326 4186 7248 2962 1511 2243 5491 632 2458
28 7934 7761 2811 5613 4054 1875 3153 8282 3456 650 4707 548 9370 7453 6806 2733 3689 339 7138 9829 993 99 6477 1136 9305 564 6484 706
28 7675 1328 5545 2854 914 8619 1374 9569 204 7274 7272 817 219 8120 758 4115 9514 1495 7806 7775 2547 9719 622 2444 3296 6118 1561 5687
28 7975 5178 4699 6700 5433 8829 1685 5223 4548 8146 9323 8904 561 5416 4101 8586 821 907 1182 8281 6496 5111 1691 5882 359 2200 3189 5176
28 5875 6442 4036 5337 5710 2951 661 5507 2590 1018 6367 4213 5299 5685 5758 4309 4026 952 2485 1170 9941 2288 7585 6 909 2597 4095 5680
28 1718 7211 9580 9631 3002 4098 5113 9234 3235 4010 2050 6031 6625 3885 1797 1300 7827 206 2869 2009 1926 9786 7425 2879 2166 9779 1011 5391
28 361 1391 5309 9379 3974 4960 2309 3373 8745 8533 4265 1660 4055 5511 385 8941 8859 7699 6761 5203 5438 5079 8134 9672 4462 5090 9098 2844
28 369 4418 6012 130 2721 4686 301 4140 3313 7715 163 5319 4374 6897 7637 8585 402 6654 5437 3520 9636 9506 197 2990 43 5708 7416 2091
28 6932 7801 9248 8658 5435 515 1298 4035 5852 3915 408 7029 9421 3041 791 644 7090 5793 633 4340 3512 6254 7505 5449 1522 4725 5790 3251
28 6568 9406 8227 5226 3774 3402 6369 7213 2253 3826 3497 3887 3810 9735 65 9334 8288 9626 4705 8176 7156 7 8186 3457 2705 7756 2441 3121
28 8620 2085 1780 366 6764 7852 3845 5413 3868 9329 6035 9251 9601 3135 6506 2413 2588 8384 6769 7280 1191 3833 3017 393 2217 9530 3174 524
28 2839 870 8448 15 5353 3824 273 3751 7014 9541 6994 6034 3969 7981 725 1576 2490 8170 7883 8567 354 2155 5808 1437 2989 2448 7086 1672
28 4350 8637 789 5406 3567 3225 5036 6211 4228 3018 4022 2442 605 4850 7246 1509 4668 3140 8903 4677 2316 6789 8334 1793 4639 5641 1093 3464
28 9439 3426 9956 9254 9387 7132 5618 8571 8498 3721 3842 8902 8806 3277 2566 2516 4124 6244 411 5310 5355 9445 1185 3674 9466 1651 835 4948
28 6142 8720 4664 4593 5763 3359 5553 2376 7457 1890 6095 7922 5532 6478 6777 9215 8519 7387 426 3688 7033 5153 3847 9692 7155 7969 677 1953
28 6122 1615 9920 1483 9041 4877 8492 7539 3932 7541 2843 6355 8725 4456 7058 5700 757 1616 8184 8454 9840 5549 3403 3825 9742 1309 2326 275
28 4016 3271 6425 9408 5940 4412 7812 107 315 9013 1654 5589 2095 6464 3864 1120 3399 304 4114 9092 4085 4517 7656 3123 8782 1579 880 868
28 3939 7921 6462 5200 730 1400 5058 4130 7045 2924 3249 6570 7226 8608 9086 109 5499 8992 5312 4785 948 3234 7880 4860 5360 6043 1927 3374
28 4783 5970 8812 9308 775 8022 7607 7489 3421 3110 3297 4208 3239 8889 8417 6310 5339 9325 6714 1031 7268 3701 8485 6781 4654 7893 680 8984
28 9523 3202 9413 7331 9856 5895 6308 430 2536 8352 1428 8476 4327 8370 2355 7516 2537 2699 7015 267 2417 1505 3306 4008 3589 2488 8803 2318
28 7263 4381 5138 3241 8033 2078 5884 3905 271 4152 1452 5411 398 8577 7087 8305 9538 2357 9458 9327 4574 646 488 9898 9 5398 7235 2156
28 9604 3209 7752 9622 2054 9051 7216 8477 4932 3473 6689 6197 7991 4231 6649 3130 1020 9633 9317 7348 2820 9335 4343 213 862 3477 50 958
28 160 413 8284 9954 6013 8066 594 8248 214 2859 2344 415 1848 4328 9869 2787 3831 840 5117 2690 3375 9326 9077 723 7577 5257 2791 5471
28 2871 7475 3553 4652 9076 7533 8095 9239 5879 8598 397 3646 778 5011 6704 9940 4377 9887 9384 491 2418 344 5149 1812 2287 3035 2174 3268
28 2362 6808 688 591 850 9247 4828 1589 9504 1165 2445 5072 2043 8911 8678 6756 9877 2211 3724 4063 5237 9815 340 3489 4397 5717 5807 8053
28 7796 950 5794 6597 1956 6191 8094 1941 9646 7296 3952 7528 6052 9979 3069 6970 2961 7020 5033 11 2645 9295 7885 9616 2343 9478 1351 9147
28 9578 4816 7188 4424 682 3935 4622 9331 5120 3276 4099 9274 6325 7813 7031 6642 4404 6825 8040 2327 3976 8830 3613 429 6524 9030 859 9948
28 5665 1301 9642 8106 8015 7071 2913 9216 3619 6265 2685 1299 8891 4473 5150 3818 6851 4435 5688 5824 1085 7036 2459 7177 8121 8274 2978 1676
28 425 3355 744 492 7389 2852 944 3775 490 7527 8070 1610 1971 9969 7980 6751 6832 5218 5415 5843 8034 5798 7057 9907 1060 1024 7253 7440
28 8036 7469 6858 3607 6214 115 700 6296 8954 4171 1515 4154 7773 8215 1806 8112 9144 1698 7166 5272 1155 3466 8754 1976 7924 4017 7121 6311
28 7006 7199 1450 9218 1851 8773 2396 6438 1320 1828 2564 7760 5686 8283 6427 995 1531 2689 158 6078 5814 5290 9093 1115 4167 5417 5182 8371
28 5134 2535 5288 2719 1807 9706 8337 6456 2063 5217 9770 919 7669 3642 8224 4988 7579 3340 5012 5711 8246 7553 1557 7769 7421 4667 8411 9732
28 8174 8455 9172 8843 1150 5214 5625 9197 7857 282 5463 8748 1727 5915 4567 7860 2045 6507 9479 9477 1885 989 8116 5005 5917 5617 1107 3134
28 4753 4525 215 1543 5155 502 7805 736 872 7148 1958 4046 8853 6906 7943 2960 4027 2915 4417 6305 8232 3554 5351 5427 5934 7798 5261 8807
28 9113 9634 8666 5130 1439 7345 5007 4118 4575 2815 3093 831 4287 8679 3418 8076 7178 3425 6543 8844 3070 3732 6693 6238 473 9405 9430 7384
28 1778 2873 1063 6545 348 7449 6814 6591 3720 1642 3006 6248 2672 9358 873 3279 6976 5555 7062 4274 3997 2532 3547 528 4504 2465 6868 6424
28 7405 5797 4001 6373 32 2861 435 9457 5281 8918 7297 4049 154 7709 4728 8564 7383 9922 8802 6104 9126 2296 8821 5246 8141 8617 2079 8462
28 5857 4447 2157 8405 4800 2646 7697 6681 6256 6208 2122 4651 5361 6644 7764 5642 855 1394 7446 3603 4768 9886 5023 3003 1673 3304 236 6317
28 4387 7782 7668 6094 910 732 8794 4584 5137 808 7100 5598 5804 3882 7603 8942 710 5699 439 1936 9734 7904 378 6707 102 1128 8458 6566
28 4253 8994 5006 7767 2131 3158 7698 9082 7282 8569 583 3726 9838 5654 2018 5141 6582 9620 1208 9689 6250 1776 7141 1084 8876 3195 6016 2064
28 6147 371 6887 6594 8690 2819 5872 4880 4303 6996 1332 2185 5626 7103 7620 9447 7329 3750 970 3851 1847 2519 1595 3350 6188 1533 7891 7807
28 7927 3100 9168 9542 2605 9773 2759 842 108 9260 7075 438 4281 1904 6279 928 8721 8524 629 590 4380 3281 2226 6410 9174 641 1342 2741
28 61 994 2473 8681 6835 8464 4227 4226 5018 7845 7535 2937 8895 5606 6245 4292 3475 9894 64 6928 5877 5460 3587 9395 7689 707 7461 8399
28 201 1100 6178 8368 7347 3954 9345 7193 5584 367 1877 8207 656 9854 4894 3705 6288 5172 684 9467 2014 3956 3031 1667 1783 8436 8488 4871
28 3379 7196 2510 648 3790 5296 2069 78 2921 1430 1883 5905 5260 3584 6554 6123 4786 6917 734 2568 1325 2046 5689 7503 5102 3912 4025 5165
28 3178 8258 9535 6309 3929 6946 7826 4392 7795 8087 7799 4709 5530 3662 8981 1536 7408 2348 2914 379 8340 2497 9138 9314 1205 5156 9045 7170
28 8996 6412 9259 3805 7283 9700 7046 4440 3159 2837 8082 9789 2310 1382 5488 1782 1327 1597 4451 6291 8359 1061 9828 8320 9816 8987 8971 8196
28 8612 8484 2952 24 132 4488 9376 6161 303 7290 2762 4308 4647 7051 403 949 1407 5046 162 4794 8389 4354 3094 2643 3481 2587 7048 6607
28 4749 5766 7454 3452 9823 3890 2414 2302 3869 1468 1245 4900 7401 5167 9033 1238 9410 7714 6273 8482 4623 2282 2940 1433 1035 7428 6074 5920
28 639 6560 3765 3043 8557 2314 3270 8605 6732 6578 6665 9784 5958 2874 5871 1820 937 1022 6399 9699 8705 4840 7377 2364 5469 2060 8440 4020
28 875 2272 2228 8815 1913 437 8480 6855 5308 6540 9435 9818 8856 794 1066 4457 5421 8914 4603 8606 7686 9888 2976 7862 4235 8083 2308 1458
28 2667 2213 7897 8527 6797 3396 3486 692 7000 2678 7700 9349 7569 9273 8726 3014 4319 2650 1791 8372 2775 4519 387 2935 1213 8001 1202 8760
28 9481 1361 3776 4497 7219 5954 7247 9461 8375 9073 1219 1480 1954 6192 9337 3866 5743 2957 8222 6998 1496 6302 6513 5830 3467 90 8089 2524
28 7735 8949 192 6575 2400 8783 4353 9606 9996 4911 5551 3057 9975 6782 9397 2482 2786 8621 2207 4431 9034 7755 6422 4314 773 5953 7335 630
28 1618 8314 4501 899 660 6348 1697 5329 5270 5864 4039 6779 592 8157 4370 9171 6409 4558 1816 4644 3710 7704 6121 2550 4173 7552 6924 1075
28 8558 7671 9955 9780 4641 7271 3046 4569 1612 6282 6886 690 1162 2959 9300 4476 3733 1556 4550 6150 4238 4961 5754 5691 8740 7951 9688 1359
28 5846 4507 1243 8625 6082 1333 7137 4043 9205 3988 3393 4809 3450 4165 6532 6473 1564 8879 6329 9318 7779 3498 5160 1635 152 47 2177 4120
28 2038 2761 6364 6110 3653 6999 9659 8833 209 1558 863 8579 2626 7820 1127 7351 3186 8018 5289 9320 9717 6716 2053 8686 7840 3914 2375 6683
28 9797 9459 3964 6356 4093 8052 8300 3083 578 5071 3574 4316 7420 670 7510 8318 5888 9416 4868 2474 3521 5055 9625 2807 8790 8239 6650 7474
28 3004 7866 6621 6632 6351 3343 8805 7777 1408 8970 2100 8038 923 1622 9485 5732 8957 3030 8510 9350 9425 9635 7025 297 4636 5370 2410 7239
28 2434 9474 8835 8764 1866 5969 5747 3697 3212 6765 3092 8010 7983 8061 2676 9070 183 4719 2423 1975 7661 8582 7624 8350 8530 7218 5429 3009
28 8182 1354 8691 8744 1174 4206 1625 7915 7305 749 6718 3633 8560 5815 1453 972 89 3860 7223 2881 2325 7792 1444 2219 7794 3923 1626 6155
28 1821 9213 5316 1105 417 9027 5557 2918 6342 7172 1021 2048 25 795 8058 6091 4582 7206 8438 8349 4294 9710 6965 4104 5695 2500 8109 1963
28 8964 9879 1181 7065 3173 2991 7229 7681 929 2559 5841 6615 3451 7422 8247 1889 4857 3628 3680 1863 4450 8985 7459 8414 5219 1317 4215 5985
28 3556 9532 8614 702 6800 2430 6009 3269 2333 8576 7677 2821 7032 1911 951 6030 4293 9574 8913 4919 1908 3543 3499 698 9911 5570 8847 8473
28 3230 4920 3972 6774 2160 7869 9736 8202 8565 6059 7316 7604 4131 7829 3447 5614 135 2479 1965 931 3678 5408 3784 6671 9944 9841 3806 1523
28 3302 8172 2460 8946 9453 4379 5194 1880 1943 7808 9462 4624 2969 2030 3136 7994 6773 9905 6207 6347 1719 1914 6763 7417 7327 1674 3984 7431
28 1721 8323 9194 3778 6991 6127 3087 5792 5611 4106 5932 1001 7198 2398 7588 7789 9600 1027 8864 6235 1997 2640 542 2905 6768 9801 7561 6385
28 6504 8373 4714 2240 6723 2312 3941 7055 6275 6179 126 7099 9188 3891 2120 9450 5750 3781 5505 1074 4262 770 3383 7139 3062 1591 7359 1456
28 5974 9807 6336 3328 241 6479 7450 9403 5528 2000 1981 468 8289 7856 9002 1948 8542 4496 8154 3150 7114 8849 8639 1525 5767 3113 2386 1251
28 573 1944 552 3409 8848 4258 3305 5863 1739 2806 91 2457 3738 7744 2149 445 9853 8393 1363 2746 3949 3216 3858 2013 2946 9924 555 4513
28 6729 6740 5839 5262 508 6867 6905 4011 2943 9107 5483 9353 8715 2104 1257 6189 7072 1395 9230 5713 4230 1864 4700 2394 4366 7243 7573 714
28 8792 8084 2004 3706 1621 1352 2090 5973 1964 6020 4013 9704 3151 3647 9204 7016 6564 308 2556 8330 9513 6154 7120 8532 2886 1086 262 8756
28 8728 2751 2449 2561 1443 6978 2451 7470 1961 9484 8221 9579 6488 2248 9455 2303 2830 9667 7091 9146 2176 9630 4612 2352 9028 7073 4175 6193
28 4472 1661 4469 9499 3164 1658 3614 3907 9176 180 3920 589 8799 793 6661 3132 507 5341 4617 2546 123 3958 9921 1183 2359 902 2021 1573
28 92 5497 8550 8841 4024 562 659 1572 4771 2596 5672 8497 3416 8822 3764 7832 2950 1862 3231 3098 9682 3412 9781 8980 2150 5045 6685 3892
28 5297 5231 5897 4999 3449 4902 7879 8446 2600 6691 6421 4589 6959 8508 1754 93 59 6299 3223 8206 8554 826 915 7758 7293 3830 4859 1227
28 8218 3970 5122 711 7165 7738 6198 5774 4018 4368 9821 1571 2525 1318 4953 767 6157 1897 9090 8404 6593 8385 6088 8255 6079 3275 9560 9529
28 3315 7456 2971 7549 150 448 7837 8974 3867 173 7097 3598 8447 6257 1917 3336 3802 2462 1248 3289 9588 9533 431 8642 4990 3894 1650 2842
28 3747 1470 4782 4125 2608 3698 676 4296 2983 3517 9378 5867 2875 6019 6662 3559 4082 8749 5478 3021 4551 8366 1552 4701 3541 8538 3273 9774
28 5490 7060 7117 6423 613 5307 392 9019 1855 7602 7244 7340 6724 7745 3718 6766 1910 3507 4443 220 1773 3901 1987 9584 511 1827 7480 4810
28 8240 4307 4414 5741 8712 4690 6144 8500 2925 1803 2049 9084 7788 389 4006 151 9226 2126 264 4649 3102 3627 292 3299 6084 134 8635 3996
28 9935 6201 5213 6087 4110 6491 4879 9158 4094 997 1841 1786 8716 8788 8730 5373 8719 5661 1919 4724 5658 4811 3850 733 7785 9414 2377 9973
28 1432 6678 440 9976 6152 651 5560 5556 8657 9899 6521 8016 1876 7593 2239 1421 8198 4441 1103 4448 3686 8735 2110 4514 7037 1789 5181 7085
28 1644 2562 5652 1882 5709 6384 3413 3322 5445 3702 9058 9185 4766 1399 3446 7116 4970 6772 5277 7594 9272 6534 8008 4712 5245 4818 5962 8456
28 372 7844 900 4369 7912 1604 17 9402 8594 1922 7680 3207 2670 9737 7600 2822 1608 2142 4537 7406 7972 6065 8919 8365 2613 1350 2533 1461
28 73 4580 5664 9372 6737 4229 7322 8850 1381 8262 9516 5344 3888 487 658 9751 7733 245 2028 4630 6014 5738 6743 1838 101 9398 2932 6916
28 8623 7729 1109 2784 140 2522 1140 8677 305 3097 8294 5243 2552 5003 4178 5979 8883 5860 4563 1455 8021 2908 2297 4158 7947 8819 8481 7472
28 2337 8135 2052 4322 4135 76 7370 4137 1008 8867 1358 8661 7242 5004 8077 3712 1194 894 4306 5722 6531 1781 8839 1158 3332 6741 2422 8062
28 7256 325 6008 4210 7442 7828 5678 7182 229 19 4676 5410 5931 2920 6023 934 1041 5014 5215 5526 3660 1410 4554 2967 7691 8938 9178 3755
28 1082 988 9827 7512 4329 2311 5912 6527 5295 8204 8673 4107 8649 8073 7692 4837 2491 6049 2503 5667 5474 9268 6807 563 6203 9518 8885 9577
28 2387 5779 5627 672 6063 2037 1371 3025 6042 5898 8301 244 2892 4562 8535 3656 6453 8905 6319 9322 4062 8136 168 7146 2632 8149 2977 6440
28 5031 9312 221 1923 2267 5772 7102 6102 4437 4410 6757 6780 6952 4824 2346 9858 848 9889 5904 2125 1745 9211 3294 3382 2334 1488 1756 84
28 6834 9791 9925 57 1124 5392 6900 6624 537 8525 364 8400 2671 2995 9148 296 4693 512 6454 8842 9411 7626 9224 3899 230 6882 4944 8142
28 745 1678 6656 2466 9341 4211 1632 7970 7878 9085 7220 4869 4791 7081 8887 3245 7307 1346 2756 6553 6821 3945 8771 8551 6860 6001 8816 6435
28 5697 9096 3192 153 9279 3514 6432 5600 1236 4931 4855 4149 8469 3314 1475 3797 1849 1753 6775 2595 2435 941 8057 671 6979 9066 9242 5266
28 80 6620 3659 3266 2583 451 1884 747 7834 8425 399 3398 815 2172 7965 6316 4680 6370 8591 8575 3533 4578 8765 8543 6793 170 3214 6703
28 7854 636 8388 4609 7791 8376 6258 457 3959 3129 4967 8270 715 2506 8991 8168 3893 6232 2204 8039 8193 14 2994 2252 8945 5409 444 1553
28 5402 9463 3522 2208 5677 3936 3658 5725 3180 3261 5821 3146 2949 6411 844 8049 4073 1080 814 828 8766 6374 3652 2616 6605 1871 4218 5880
28 8931 2545 9739 2432 4070 8496 176 2232 7241 2723 5632 7872 3913 3827 4 5643 4983 6872 4866 4710 2368 8363 9744 7017 4224 9714 3862 8787
28 6963 3709 832 4925 2549 3330 1747 5937 6753 5441 4875 2162 4090 2210 2124 2849 4479 6809 9897 9257 144 4492 1592 6039 973 5126 9299 6987
28 1535 8035 5597 2629 6557 7960 3133 3904 3184 1198 5590 6833 8441 8153 6260 3542 7591 866 9632 2754 9607 2664 9914 8408 3188 2353 9293 9895
28 9057 7824 8267 4982 1540 7423 1834 2223 9666 3478 1406 3779 7180 4836 482 2492 7092 4143 8516 7802 9456 386 3054 5943 2589 7295 708 8559
28 9454 945 1784 8396 2622 4708 3596 2695 8834 16 4246 2075 7390 9885 9069 9368 9755 4806 1116 5101 1815 4254 3156 9571 1200 9671 7002 6419
28 2183 5542 5565 617 4545 7254 4290 5168 4906 6565 8950 6939 6874 916 7312 3602 3638 3013 8753 7339 2222 3430 2769 3103 2876 8313 6651 1294
28 1603 603 8105 8798 251 1091 2750 1872 5444 8155 4607 2416 2395 610 5854 3950 803 1482 3401 7026 1801 8537 21 8780 696 6376 6107 7288
28 2760 3570 1302 9140 7520 3693 2264 1459 1070 133 9923 4334 9849 9231 200 8860 1702 5525 2768 1175 6927 2612 4358 5070 5550 7770 1835 4625
28 4168 8321 6820 1563 2567 2666 936 472 2835 3676 4023 3944 312 678 4444 8279 1190 1324 1438 4096 4599 1742 4775 8947 1379 9049 783 4927
28 3233 6307 2280 2582 5456 1498 9059 9357 446 6443 520 357 2405 816 979 6195 8210 8415 8023 5035 6609 8451 3435 6069 6510 7214 2443 434
28 6601 6261 6212 8397 5561 479 2922 9511 4790 2853 2256 421 1705 9563 6713 5524 3126 8426 6984 5234 5059 983 8529 143 5381 8165 8588 6920
28 1034 8047 6579 7978 6853 258 7554 7264 181 1130 6032 4223 7610 419 9303 4744 6787 6164 9374 2041 7902 3380 5414 5187 9859 4059 8272 7152
28 8392 4952 6587 5535 6441 3191 7464 6339 1873 9340 4853 5518 7524 2554 7500 9175 5207 5321 2790 2146 3224 879 7021 8223 8541 8898 2891 7540
28 5292 1445 9319 3785 7435 674 3571 766 787 4056 8762 3175 5024 895 5225 1906 8079 3623 4739 8483 4918 148 8552 1171 7041 8851 2635 6134
28 7630 5159 8521 3986 4881 8708 6392 7590 5320 1295 5205 9788 7007 3835 205 7207 1662 2934 7350 1376 7722 416 5729 3210 6974 88 7617 8742
28 5461 7833 7260 2088 9711 8072 5928 2864 7184 7315 3272 8566 2697 3604 4883 6799 9165 7261 235 9970 3460 4413 8088 8292 4153 4439 1123 4126
28 9598 1666 1655 6876 8927 5142 3695 6611 4986 2438 9720 1173 6823 2772 9524 1966 3640 3437 8578 4733 1094 4887 7916 3921 412 6969 1058 8513
28 8178 2320 2633 980 5773 9391 3112 9183 878 1274 9315 6933 127 7914 1681 704 334 1039 1703 1521 1738 2102 166 9056 6502 8502 6783 3038
28 2996 8505 9238 1234 3611 368 3258 377 3679 6426 4422 2073 464 6623 1869 6930 7707 1989 9765 211 6551 1822 6174 5660 6791 3482 4147 4260
28 5832 3414 9132 1617 3256 8832 4256 2987 5786 9089 9344 3966 719 7848 5918 1095 4528 1751 3232 7550 9428 8961 3105 5356 6669 9008 436 4382
28 4596 2752 7291 3106 549 2032 576 9109 9884 3973 571 4642 7658 6209 6804 2955 7161 7078 9931 691 4798 1477 210 3616 6629 4184 1907 689
28 6005 409 7125 1713 1467 5992 7996 1995 3504 1268 7720 6859 9496 1056 1568 6202 7398 5630 3886 755 2475 8324 6022 4973 8074 6343 1401 3800
28 9181 8641 5106 4148 7853 8348 4553 1313 6692 5152 3429 8402 5180 4819 9555 901 6446 9064 2259 5446 9595 7354 5086 6666 280 771 8877 2242
28 7757 6742 1447 655 1836 5876 3000 6295 3034 7835 6701 9284 5091 3364 2652 1276 2230 7362 8562 8824 322 3220 8122 6158 1239 8429 9400 1076
28 7642 6064 1999 9460 5690 5447 4854 6357 1805 597 3865 2221 8669 9130 7153 6944 4132 9010 9621 6828 8840 5104 1699 7373 5552 5886 9611 4174
28 4510 2541 7725 8697 532 7043 4946 4865 7245 4234 7913 2097 6719 6057 6445 9278 321 1842 7990 4941 4720 2777 8474 7874 523 3793 6864 9957
28 116 3280 8872 2152 6077 6862 22 9131 3626 6805 5230 3677 6715 5166 3448 1837 5248 9517 4003 7855 4760 1435 5558 9020 5693 9091 7859 1481
28 8958 8615 9424 9809 232 627 1722 2538 9553 2056 7841 8930 9627 517 3308 6949 7289 1032 1826 8506 5712 2173 5803 1259 4406 4939 7531 4678
28 575 538 3055 7468 272 2373 3177 845 7667 1396 3250 9608 7306 6896 9772 9444 2812 5990 6340 9817 6145 4674 112 7135 579 1639 5801 40
28 7622 5595 1795 7488 4799 665 1761 6290 9756 6026 8045 882 5067 2703 8747 4019 5980 4627 1256 9021 9256 6382 2770 5504 12 9244 3667 4271
28 6801 3729 8181 291 5914 3744 5571 3387 4632 4619 8650 3125 3664 2335 6076 5161 3918 9396 318 3187 2165 9554 3926 6271 2639 9852 7653 1921
28 3068 9476 797 3564 9657 391 8689 2356 8335 709 6067 3546 6676 8973 2447 8100 7939 913 5486 2766 1264 8325 8990 1631 2329 2641 1265 8818
28 737 3024 2399 869 8367 5022 731 3539 3010 3874 1980 5837 2431 7101 501 2082 1840 5785 4396 2186 6449 4361 5378 4561 9863 2001 489 5588
28 6796 8940 86 8663 5873 60 4053 2602 5563 7028 2332 5975 5085 2140 9469 6461 6899 4298 9157 9971 4945 141 7654 6945 1476 8869 3172 7084
28 7575 9862 662 4531 2286 6045 9223 7147 7998 4139 8132 8435 5465 9878 2796 9394 9207 4268 1574 8880 946 8037 7228 2036 4204 7183 9836 3552
28 9752 4005 2575 8091 7551 1416 4116 4892 3377 3961 3061 1901 3015 2263 2823 4602 9754 9440 9746 6227 2686 6322 2350 7565 9012 6871 3510 2745
28 5249 8739 375 1179 5146 2825 4108 7394 3247 5135 4052 4156 4968 8553 1810 3947 4890 6985 331 360 9685 5645 4993 3465 8837 4209 5933 1003
28 4568 7068 4655 7094 8592 6166 2214 3739 1641 7647 449 903 4827 9075 8581 6159 7330 6977 6849 6877 5263 3484 6328 6379 5475 7937 2112 4922
28 1857 8729 3137 1695 4930 6748 6240 6711 3967 1319 6269 8114 1860 9767 5778 1442 8012 7517 7568 9015 3643 7304 1986 7110 9505 9824 4269 8014
28 5780 805 465 1195 6634 5744 6500 6645 1952 5430 9285 1931 5593 484 2072 9544 9136 3752 75 9559 2218 248 3814 5315 4598 8929 7598 8493
28 3531 2378 8043 2691 8960 46 9417 1288 7985 9778 8857 1542 2345 3838 452 7815 498 1978 9166 5129 8152 9006 4808 9451 1389 7683 6672 5810
28 1972 8356 4628 7821 157 898 7451 5037 7186 3334 1584 8467 624 5056 8214 8624 6033 6941 9550 6603 4190 3022 1367 5405 7678 3160 1524 6226
28 2808 9443 405 7123 1411 8897 1973 9465 833 3391 2857 5829 4391 8291 1148 4037 5791 9352 4091 6889 3934 7471 7944 7493 5332 4618 5094 7825
28 1045 9567 8093 2926 9143 2794 6108 3977 2730 3341 8572 294 6264 1385 1993 111 6114 5220 5258 7548 2195 2382 5322 5472 9229 1472 7748 5436
28 3501 9678 9527 1386 1898 6381 8357 3708 3479 7321 9005 3365 6675 2734 309 6539 6955 2709 9262 395 356 6967 3982 6029 3529 612 9833 2454
28 2840 8199 2039 8574 8409 6434 4363 1565 874 352 4163 4335 7614 5706 3211 3993 7743 8048 5881 4193 3492 9850 9676 1446 2220 3582 6785 9490
28 4579 4738 33 4136 8870 3760 8254 9473 4129 9306 6988 2455 6315 6585 5851 1541 4384 5682 4463 4123 5581 9401 7657 8540 9264 1581 6861 9624
28 6518 3675 586 1090 5124 1920 7376 2323 6482 7061 3786 3879 6112 3167 6283 9023 3431 6687 1899 3822 1144 5838 8811 7341 8443 9985 3812 6334
28 3900 42 9647 5670 8078 55 4761 4045 834 323 9799 8213 1924 4157 3694 4515 1587 8188 313 2456 9761 3240 7823 7730 7712 4478 925 742
28 3569 3423 259 9660 8561 2365 4464 4711 7933 867 106 146 1633 5523 4512 8128 1114 1823 1199 5768 1330 4765 2975 4487 2508 1736 3595 9507
28 4897 8147 2714 9526 5941 471 9883 5572 9209 2059 536 5095 131 2919 6885 7936 5833 1384 4509 657 5684 4341 4378 8836 5818 7930 9304 9503
28 6538 4974 1096 6750 5866 8696 3458 6417 7650 9160 6561 7741 940 1471 332 69 1457 3203 5250 5473 7039 9583 7366 2878 9881 8080 7584 5139
28 8011 3804 8344 9759 8972 4631 256 9333 1336 7157 3580 9764 3244 9837 5494 9252 5335 6608 5562 1149 1520 317 4145 2743 911 992 494 7931
28 7895 585 530 9343 2704 4585 4751 5251 5068 6397 6759 885 5485 7518 847 6149 9691 7187 7636 2271 9203 7277 1233 9771 2274 9283 4040 6051
28 6891 5734 8394 4829 837 9294 97 860 1949 6866 7134 966 3392 7523 6817 5576 2273 3096 935 4814 1249 1092 4802 2764 9825 3877 8962 8685
28 3196 6451 4201 4138 4239 6726 6459 3385 6592 8668 6790 5936 4048 9296 8490 4336 9186 30 5115 6705 8953 5368 6293 5264 4263 475 1790 8412
28 1305 8377 66 1757 6498 9573 3644 1934 663 4594 161 3771 3855 9640 7040 5963 9486 6973 8226 4390 2233 3443 2370 7581 2735 823 8871 9768
28 8479 8329 4978 1825 1110 6990 6386 3820 1638 9112 8042 2895 2044 5745 3895 2261 4772 8361 4698 4662 7900 119 2134 7069 8234 1261 3957 3873
28 2229 5755 6400 2010 4333 967 2080 5267 8362 234 2452 9249 8967 7679 7108 7903 6213 5707 9787 6068 3834 5925 4626 9044 7251 9054 4592 4734
28 6115 4697 1286 6746 5531 5395 5522 1372 1059 3027 3715 5819 7696 1785 3005 3384 7496 6100 1844 3236 8989 2512 4233 1015 6407 8268 9371 2439
28 2580 7655 8568 1129 9655 7008 8652 5366 8731 6567 9804 1068 4007 478 5978 6268 8854 8487 4342 4893 5052 4161 534 5929 6136 729 3737 1097